[2025-07-23 02:00:00.015 +05:30] [INF] [34] Emby.Server.Implementations.MediaEncoder.EncodingManager: Skipping chapter image extraction for "Kalippu - BD50 TrueHD" as the average chapter duration 0 was lower than the minimum threshold 10000000
[2025-07-23 02:00:00.018 +05:30] [INF] [34] Emby.Server.Implementations.ScheduledTasks.TaskManager: "Extract Chapter Images" Completed after 0 minute(s) and 0 seconds
[2025-07-23 02:00:01.001 +05:30] [INF] [46] Emby.Server.Implementations.ScheduledTasks.TaskManager: Daily trigger for "Extract Chapter Images" set to fire at 2025-07-24 02:00:00.000 +05:30, which is 23:59:58.9987149 from now.
[2025-07-23 03:00:00.137 +05:30] [INF] [137] Jellyfin.Server.Implementations.Trickplay.TrickplayManager: Creating trickplay files at 320 width, for "/mnt/media/songs/8K Remastered - ButtaBomma ｜ Allu Arjun, Pooja Hegde ｜ Butta Bomma.mp4" [ID: a99e37c2-5f7f-8ad8-d9c6-fa692f59e525]
[2025-07-23 03:00:00.137 +05:30] [INF] [137] MediaBrowser.MediaEncoding.Encoder.MediaEncoder: Trickplay generation: "/usr/lib/jellyfin-ffmpeg/ffmpeg -loglevel error -threads 1 -i file:\"/mnt/media/songs/8K Remastered - ButtaBomma ｜ Allu Arjun, Pooja Hegde ｜ Butta Bomma.mp4\" -an -sn -vf \"fps=0.10000000149011612,setparams=color_primaries=bt709:color_trc=bt709:colorspace=bt709,scale=trunc(min(max(iw\,ih*(a*sar))\,320)/2)*2:trunc(ow/(a*sar)/2)*2,format=yuv420p\" -threads 1 -c:v mjpeg -qscale:v 4 -fps_mode passthrough -f image2 \"/tmp/jellyfin/fad699c4665f4e6a8dad0bd31a6d62d1/%08d.jpg\""
[2025-07-23 03:00:01.002 +05:30] [INF] [137] Emby.Server.Implementations.ScheduledTasks.TaskManager: Daily trigger for "Generate Trickplay Images" set to fire at 2025-07-24 03:00:00.000 +05:30, which is 23:59:58.9973761 from now.
[2025-07-23 03:00:40.139 +05:30] [INF] [137] MediaBrowser.MediaEncoding.Encoder.MediaEncoder: Trickplay process unresponsive.
[2025-07-23 03:00:40.140 +05:30] [INF] [137] MediaBrowser.MediaEncoding.Encoder.MediaEncoder: Stopping trickplay extraction.
[2025-07-23 03:00:41.141 +05:30] [INF] [137] MediaBrowser.MediaEncoding.Encoder.MediaEncoder: Killing ffmpeg process
[2025-07-23 03:00:41.141 +05:30] [ERR] [137] MediaBrowser.MediaEncoding.Encoder.MediaEncoder: ffmpeg image extraction failed for "/usr/lib/jellyfin-ffmpeg/ffmpeg -loglevel error -threads 1 -i file:\"/mnt/media/songs/8K Remastered - ButtaBomma ｜ Allu Arjun, Pooja Hegde ｜ Butta Bomma.mp4\" -an -sn -vf \"fps=0.10000000149011612,setparams=color_primaries=bt709:color_trc=bt709:colorspace=bt709,scale=trunc(min(max(iw\,ih*(a*sar))\,320)/2)*2:trunc(ow/(a*sar)/2)*2,format=yuv420p\" -threads 1 -c:v mjpeg -qscale:v 4 -fps_mode passthrough -f image2 \"/tmp/jellyfin/fad699c4665f4e6a8dad0bd31a6d62d1/%08d.jpg\""
[2025-07-23 03:00:41.141 +05:30] [ERR] [137] Jellyfin.Server.Implementations.Trickplay.TrickplayManager: Error creating trickplay images.
MediaBrowser.Common.FfmpegException: ffmpeg image extraction failed for /usr/lib/jellyfin-ffmpeg/ffmpeg -loglevel error -threads 1 -i file:"/mnt/media/songs/8K Remastered - ButtaBomma ｜ Allu Arjun, Pooja Hegde ｜ Butta Bomma.mp4" -an -sn -vf "fps=0.10000000149011612,setparams=color_primaries=bt709:color_trc=bt709:colorspace=bt709,scale=trunc(min(max(iw\,ih*(a*sar))\,320)/2)*2:trunc(ow/(a*sar)/2)*2,format=yuv420p" -threads 1 -c:v mjpeg -qscale:v 4 -fps_mode passthrough -f image2 "/tmp/jellyfin/fad699c4665f4e6a8dad0bd31a6d62d1/%08d.jpg"
   at MediaBrowser.MediaEncoding.Encoder.MediaEncoder.ExtractVideoImagesOnIntervalInternal(String inputArg, String filterParam, String vidEncoder, Nullable`1 outputThreads, Nullable`1 qualityScale, Nullable`1 priority, CancellationToken cancellationToken)
   at Jellyfin.Server.Implementations.Trickplay.TrickplayManager.RefreshTrickplayDataInternal(Video video, Boolean replace, Int32 width, TrickplayOptions options, LibraryOptions libraryOptions, CancellationToken cancellationToken)
[2025-07-23 03:00:41.178 +05:30] [INF] [137] Jellyfin.Server.Implementations.Trickplay.TrickplayManager: Creating trickplay files at 320 width, for "/mnt/media/songs/Plex Versions/Original Quality/8K Remastered - ButtaBomma ｜ Allu Arjun_ Pooja Hegde ｜ Butta Bomma (2024).mp4" [ID: 6a2ebd5e-1c64-e401-a8e5-2007f8aa4132]
[2025-07-23 03:00:41.178 +05:30] [INF] [137] MediaBrowser.MediaEncoding.Encoder.MediaEncoder: Trickplay generation: "/usr/lib/jellyfin-ffmpeg/ffmpeg -loglevel error -threads 1 -i file:\"/mnt/media/songs/Plex Versions/Original Quality/8K Remastered - ButtaBomma ｜ Allu Arjun_ Pooja Hegde ｜ Butta Bomma (2024).mp4\" -an -sn -vf \"fps=0.10000000149011612,setparams=color_primaries=bt709:color_trc=bt709:colorspace=bt709,scale=trunc(min(max(iw\,ih*(a*sar))\,320)/2)*2:trunc(ow/(a*sar)/2)*2,format=yuv420p\" -threads 1 -c:v mjpeg -qscale:v 4 -fps_mode passthrough -f image2 \"/tmp/jellyfin/145e7428b547475fac6eac0967f01ba0/%08d.jpg\""
[2025-07-23 03:02:41.182 +05:30] [INF] [139] MediaBrowser.MediaEncoding.Encoder.MediaEncoder: Trickplay process unresponsive.
[2025-07-23 03:02:41.182 +05:30] [INF] [139] MediaBrowser.MediaEncoding.Encoder.MediaEncoder: Stopping trickplay extraction.
[2025-07-23 03:02:42.183 +05:30] [INF] [139] MediaBrowser.MediaEncoding.Encoder.MediaEncoder: Killing ffmpeg process
[2025-07-23 03:02:42.183 +05:30] [ERR] [139] MediaBrowser.MediaEncoding.Encoder.MediaEncoder: ffmpeg image extraction failed for "/usr/lib/jellyfin-ffmpeg/ffmpeg -loglevel error -threads 1 -i file:\"/mnt/media/songs/Plex Versions/Original Quality/8K Remastered - ButtaBomma ｜ Allu Arjun_ Pooja Hegde ｜ Butta Bomma (2024).mp4\" -an -sn -vf \"fps=0.10000000149011612,setparams=color_primaries=bt709:color_trc=bt709:colorspace=bt709,scale=trunc(min(max(iw\,ih*(a*sar))\,320)/2)*2:trunc(ow/(a*sar)/2)*2,format=yuv420p\" -threads 1 -c:v mjpeg -qscale:v 4 -fps_mode passthrough -f image2 \"/tmp/jellyfin/145e7428b547475fac6eac0967f01ba0/%08d.jpg\""
[2025-07-23 03:02:42.183 +05:30] [ERR] [139] Jellyfin.Server.Implementations.Trickplay.TrickplayManager: Error creating trickplay images.
MediaBrowser.Common.FfmpegException: ffmpeg image extraction failed for /usr/lib/jellyfin-ffmpeg/ffmpeg -loglevel error -threads 1 -i file:"/mnt/media/songs/Plex Versions/Original Quality/8K Remastered - ButtaBomma ｜ Allu Arjun_ Pooja Hegde ｜ Butta Bomma (2024).mp4" -an -sn -vf "fps=0.10000000149011612,setparams=color_primaries=bt709:color_trc=bt709:colorspace=bt709,scale=trunc(min(max(iw\,ih*(a*sar))\,320)/2)*2:trunc(ow/(a*sar)/2)*2,format=yuv420p" -threads 1 -c:v mjpeg -qscale:v 4 -fps_mode passthrough -f image2 "/tmp/jellyfin/145e7428b547475fac6eac0967f01ba0/%08d.jpg"
   at MediaBrowser.MediaEncoding.Encoder.MediaEncoder.ExtractVideoImagesOnIntervalInternal(String inputArg, String filterParam, String vidEncoder, Nullable`1 outputThreads, Nullable`1 qualityScale, Nullable`1 priority, CancellationToken cancellationToken)
   at Jellyfin.Server.Implementations.Trickplay.TrickplayManager.RefreshTrickplayDataInternal(Video video, Boolean replace, Int32 width, TrickplayOptions options, LibraryOptions libraryOptions, CancellationToken cancellationToken)
[2025-07-23 03:02:42.196 +05:30] [INF] [139] Jellyfin.Server.Implementations.Trickplay.TrickplayManager: Creating trickplay files at 320 width, for "/mnt/media/songs/Plex Versions/Original Quality/8K Remastered - Aaj Ki Raat (Full Song) ｜ Tamannaah Bhatia ｜ Stree 2 (2024).mp4" [ID: 0ae8f763-3a3a-88ad-a8e5-99f19cbeb73e]
[2025-07-23 03:02:42.197 +05:30] [INF] [139] MediaBrowser.MediaEncoding.Encoder.MediaEncoder: Trickplay generation: "/usr/lib/jellyfin-ffmpeg/ffmpeg -loglevel error -threads 1 -i file:\"/mnt/media/songs/Plex Versions/Original Quality/8K Remastered - Aaj Ki Raat (Full Song) ｜ Tamannaah Bhatia ｜ Stree 2 (2024).mp4\" -an -sn -vf \"fps=0.10000000149011612,setparams=color_primaries=bt709:color_trc=bt709:colorspace=bt709,scale=trunc(min(max(iw\,ih*(a*sar))\,320)/2)*2:trunc(ow/(a*sar)/2)*2,format=yuv420p\" -threads 1 -c:v mjpeg -qscale:v 4 -fps_mode passthrough -f image2 \"/tmp/jellyfin/1106baef7bf848dbaa14babff8388ec4/%08d.jpg\""
[2025-07-23 03:03:42.199 +05:30] [INF] [136] MediaBrowser.MediaEncoding.Encoder.MediaEncoder: Trickplay process unresponsive.
[2025-07-23 03:03:42.199 +05:30] [INF] [136] MediaBrowser.MediaEncoding.Encoder.MediaEncoder: Stopping trickplay extraction.
[2025-07-23 03:03:43.199 +05:30] [INF] [136] MediaBrowser.MediaEncoding.Encoder.MediaEncoder: Killing ffmpeg process
[2025-07-23 03:03:43.199 +05:30] [ERR] [136] MediaBrowser.MediaEncoding.Encoder.MediaEncoder: ffmpeg image extraction failed for "/usr/lib/jellyfin-ffmpeg/ffmpeg -loglevel error -threads 1 -i file:\"/mnt/media/songs/Plex Versions/Original Quality/8K Remastered - Aaj Ki Raat (Full Song) ｜ Tamannaah Bhatia ｜ Stree 2 (2024).mp4\" -an -sn -vf \"fps=0.10000000149011612,setparams=color_primaries=bt709:color_trc=bt709:colorspace=bt709,scale=trunc(min(max(iw\,ih*(a*sar))\,320)/2)*2:trunc(ow/(a*sar)/2)*2,format=yuv420p\" -threads 1 -c:v mjpeg -qscale:v 4 -fps_mode passthrough -f image2 \"/tmp/jellyfin/1106baef7bf848dbaa14babff8388ec4/%08d.jpg\""
[2025-07-23 03:03:43.200 +05:30] [ERR] [136] Jellyfin.Server.Implementations.Trickplay.TrickplayManager: Error creating trickplay images.
MediaBrowser.Common.FfmpegException: ffmpeg image extraction failed for /usr/lib/jellyfin-ffmpeg/ffmpeg -loglevel error -threads 1 -i file:"/mnt/media/songs/Plex Versions/Original Quality/8K Remastered - Aaj Ki Raat (Full Song) ｜ Tamannaah Bhatia ｜ Stree 2 (2024).mp4" -an -sn -vf "fps=0.10000000149011612,setparams=color_primaries=bt709:color_trc=bt709:colorspace=bt709,scale=trunc(min(max(iw\,ih*(a*sar))\,320)/2)*2:trunc(ow/(a*sar)/2)*2,format=yuv420p" -threads 1 -c:v mjpeg -qscale:v 4 -fps_mode passthrough -f image2 "/tmp/jellyfin/1106baef7bf848dbaa14babff8388ec4/%08d.jpg"
   at MediaBrowser.MediaEncoding.Encoder.MediaEncoder.ExtractVideoImagesOnIntervalInternal(String inputArg, String filterParam, String vidEncoder, Nullable`1 outputThreads, Nullable`1 qualityScale, Nullable`1 priority, CancellationToken cancellationToken)
   at Jellyfin.Server.Implementations.Trickplay.TrickplayManager.RefreshTrickplayDataInternal(Video video, Boolean replace, Int32 width, TrickplayOptions options, LibraryOptions libraryOptions, CancellationToken cancellationToken)
[2025-07-23 03:03:43.246 +05:30] [INF] [136] Jellyfin.Server.Implementations.Trickplay.TrickplayManager: Creating trickplay files at 320 width, for "/mnt/media/songs/8K Remastered - Aaj Ki Raat (Full Song) ｜ Tamannaah Bhatia ｜ Stree 2.mp4" [ID: 25946ad2-0c72-61d6-6550-8ce4d641811c]
[2025-07-23 03:03:43.246 +05:30] [INF] [136] MediaBrowser.MediaEncoding.Encoder.MediaEncoder: Trickplay generation: "/usr/lib/jellyfin-ffmpeg/ffmpeg -loglevel error -threads 1 -i file:\"/mnt/media/songs/8K Remastered - Aaj Ki Raat (Full Song) ｜ Tamannaah Bhatia ｜ Stree 2.mp4\" -an -sn -vf \"fps=0.10000000149011612,setparams=color_primaries=bt709:color_trc=bt709:colorspace=bt709,scale=trunc(min(max(iw\,ih*(a*sar))\,320)/2)*2:trunc(ow/(a*sar)/2)*2,format=yuv420p\" -threads 1 -c:v mjpeg -qscale:v 4 -fps_mode passthrough -f image2 \"/tmp/jellyfin/bc13b42602874bae8d8d46e774080138/%08d.jpg\""
[2025-07-23 03:04:03.248 +05:30] [INF] [136] MediaBrowser.MediaEncoding.Encoder.MediaEncoder: Trickplay process unresponsive.
[2025-07-23 03:04:03.248 +05:30] [INF] [136] MediaBrowser.MediaEncoding.Encoder.MediaEncoder: Stopping trickplay extraction.
[2025-07-23 03:04:04.248 +05:30] [INF] [136] MediaBrowser.MediaEncoding.Encoder.MediaEncoder: Killing ffmpeg process
[2025-07-23 03:04:04.248 +05:30] [ERR] [136] MediaBrowser.MediaEncoding.Encoder.MediaEncoder: ffmpeg image extraction failed for "/usr/lib/jellyfin-ffmpeg/ffmpeg -loglevel error -threads 1 -i file:\"/mnt/media/songs/8K Remastered - Aaj Ki Raat (Full Song) ｜ Tamannaah Bhatia ｜ Stree 2.mp4\" -an -sn -vf \"fps=0.10000000149011612,setparams=color_primaries=bt709:color_trc=bt709:colorspace=bt709,scale=trunc(min(max(iw\,ih*(a*sar))\,320)/2)*2:trunc(ow/(a*sar)/2)*2,format=yuv420p\" -threads 1 -c:v mjpeg -qscale:v 4 -fps_mode passthrough -f image2 \"/tmp/jellyfin/bc13b42602874bae8d8d46e774080138/%08d.jpg\""
[2025-07-23 03:04:04.249 +05:30] [ERR] [136] Jellyfin.Server.Implementations.Trickplay.TrickplayManager: Error creating trickplay images.
MediaBrowser.Common.FfmpegException: ffmpeg image extraction failed for /usr/lib/jellyfin-ffmpeg/ffmpeg -loglevel error -threads 1 -i file:"/mnt/media/songs/8K Remastered - Aaj Ki Raat (Full Song) ｜ Tamannaah Bhatia ｜ Stree 2.mp4" -an -sn -vf "fps=0.10000000149011612,setparams=color_primaries=bt709:color_trc=bt709:colorspace=bt709,scale=trunc(min(max(iw\,ih*(a*sar))\,320)/2)*2:trunc(ow/(a*sar)/2)*2,format=yuv420p" -threads 1 -c:v mjpeg -qscale:v 4 -fps_mode passthrough -f image2 "/tmp/jellyfin/bc13b42602874bae8d8d46e774080138/%08d.jpg"
   at MediaBrowser.MediaEncoding.Encoder.MediaEncoder.ExtractVideoImagesOnIntervalInternal(String inputArg, String filterParam, String vidEncoder, Nullable`1 outputThreads, Nullable`1 qualityScale, Nullable`1 priority, CancellationToken cancellationToken)
   at Jellyfin.Server.Implementations.Trickplay.TrickplayManager.RefreshTrickplayDataInternal(Video video, Boolean replace, Int32 width, TrickplayOptions options, LibraryOptions libraryOptions, CancellationToken cancellationToken)
[2025-07-23 03:04:04.251 +05:30] [INF] [136] Emby.Server.Implementations.ScheduledTasks.TaskManager: "Generate Trickplay Images" Completed after 4 minute(s) and 4 seconds
[2025-07-23 11:03:51.762 +05:30] [INF] [162] Emby.Server.Implementations.IO.LibraryMonitor: Stopping directory watching for path "/mnt/media/songs"
[2025-07-23 11:03:51.763 +05:30] [INF] [162] Emby.Server.Implementations.IO.LibraryMonitor: Stopping directory watching for path "/mnt/media/movies"
[2025-07-23 11:03:51.765 +05:30] [INF] [162] Emby.Server.Implementations.Library.LibraryManager: Validating media library
[2025-07-23 11:03:51.780 +05:30] [WRN] [162] MediaBrowser.Controller.Entities.BaseItem: Library folder "/config/data/data/playlists" is inaccessible or empty, skipping
[2025-07-23 11:03:51.780 +05:30] [INF] [164] Emby.Server.Implementations.ScheduledTasks.TaskManager: "Media Segment Scan" Completed after 0 minute(s) and 0 seconds
[2025-07-23 11:03:51.824 +05:30] [WRN] [167] MediaBrowser.Controller.Entities.BaseItem: Library folder "/config/data/data/playlists" is inaccessible or empty, skipping
[2025-07-23 11:03:55.748 +05:30] [INF] [166] Emby.Server.Implementations.ScheduledTasks.TaskManager: "Scan Media Library" Completed after 0 minute(s) and 3 seconds
[2025-07-23 11:03:55.803 +05:30] [INF] [164] Emby.Server.Implementations.IO.LibraryMonitor: Watching directory "/mnt/media/movies"
[2025-07-23 11:03:55.810 +05:30] [INF] [127] Emby.Server.Implementations.IO.LibraryMonitor: Watching directory "/mnt/media/songs"
[2025-07-23 23:03:51.759 +05:30] [INF] [172] Emby.Server.Implementations.ScheduledTasks.TaskManager: "Clean Transcode Directory" Completed after 0 minute(s) and 0 seconds
[2025-07-23 23:03:51.759 +05:30] [INF] [168] Emby.Server.Implementations.ScheduledTasks.TaskManager: "Download missing subtitles" Completed after 0 minute(s) and 0 seconds
[2025-07-23 23:03:51.785 +05:30] [INF] [170] Emby.Server.Implementations.ScheduledTasks.TaskManager: "Clean Log Directory" Completed after 0 minute(s) and 0 seconds
[2025-07-23 23:03:51.785 +05:30] [INF] [172] Emby.Server.Implementations.ScheduledTasks.Tasks.OptimizeDatabaseTask: Optimizing and vacuuming jellyfin.db...
[2025-07-23 23:03:51.808 +05:30] [INF] [160] Emby.Server.Implementations.ScheduledTasks.TaskManager: "Audio Normalization" Completed after 0 minute(s) and 0 seconds
[2025-07-23 23:03:51.808 +05:30] [INF] [161] Emby.Server.Implementations.ScheduledTasks.TaskManager: "Download missing lyrics" Completed after 0 minute(s) and 0 seconds
[2025-07-23 23:03:51.852 +05:30] [INF] [169] Emby.Server.Implementations.ScheduledTasks.TaskManager: "Clean Cache Directory" Completed after 0 minute(s) and 0 seconds
[2025-07-23 23:03:51.852 +05:30] [INF] [168] Emby.Server.Implementations.ScheduledTasks.TaskManager: "TasksRefreshChannels" Completed after 0 minute(s) and 0 seconds
[2025-07-23 23:03:51.906 +05:30] [INF] [172] Emby.Server.Implementations.ScheduledTasks.Tasks.OptimizeDatabaseTask: jellyfin.db optimized successfully!
[2025-07-23 23:03:51.906 +05:30] [INF] [172] Emby.Server.Implementations.ScheduledTasks.TaskManager: "Optimize database" Completed after 0 minute(s) and 0 seconds
[2025-07-23 23:03:54.604 +05:30] [INF] [172] Emby.Server.Implementations.ScheduledTasks.TaskManager: "Update Plugins" Completed after 0 minute(s) and 2 seconds
[2025-07-23 23:03:54.907 +05:30] [INF] [168] Jellyfin.LiveTv.Guide.GuideManager: Refreshing guide with 7 days of guide data
[2025-07-23 23:03:54.909 +05:30] [INF] [168] Emby.Server.Implementations.ScheduledTasks.TaskManager: "Refresh Guide" Completed after 0 minute(s) and 3 seconds
[2025-07-23 23:04:52.761 +05:30] [INF] [168] Emby.Server.Implementations.IO.LibraryMonitor: Stopping directory watching for path "/mnt/media/songs"
[2025-07-23 23:04:52.762 +05:30] [INF] [168] Emby.Server.Implementations.IO.LibraryMonitor: Stopping directory watching for path "/mnt/media/movies"
[2025-07-23 23:04:52.762 +05:30] [INF] [168] Emby.Server.Implementations.Library.LibraryManager: Validating media library
[2025-07-23 23:04:52.776 +05:30] [WRN] [168] MediaBrowser.Controller.Entities.BaseItem: Library folder "/config/data/data/playlists" is inaccessible or empty, skipping
[2025-07-23 23:04:52.783 +05:30] [INF] [170] Emby.Server.Implementations.ScheduledTasks.TaskManager: "Media Segment Scan" Completed after 0 minute(s) and 0 seconds
[2025-07-23 23:04:52.824 +05:30] [WRN] [101] MediaBrowser.Controller.Entities.BaseItem: Library folder "/config/data/data/playlists" is inaccessible or empty, skipping
[2025-07-23 23:04:55.782 +05:30] [INF] [171] Emby.Server.Implementations.ScheduledTasks.TaskManager: "Scan Media Library" Completed after 0 minute(s) and 3 seconds
[2025-07-23 23:04:55.818 +05:30] [INF] [98] Emby.Server.Implementations.IO.LibraryMonitor: Watching directory "/mnt/media/movies"
[2025-07-23 23:04:55.838 +05:30] [INF] [101] Emby.Server.Implementations.IO.LibraryMonitor: Watching directory "/mnt/media/songs"
