[2025-07-24 02:00:00.019 +05:30] [INF] [109] Emby.Server.Implementations.MediaEncoder.EncodingManager: Skipping chapter image extraction for "Kalippu - BD50 TrueHD" as the average chapter duration 0 was lower than the minimum threshold 10000000
[2025-07-24 02:00:00.022 +05:30] [INF] [109] Emby.Server.Implementations.ScheduledTasks.TaskManager: "Extract Chapter Images" Completed after 0 minute(s) and 0 seconds
[2025-07-24 02:00:01.000 +05:30] [INF] [110] Emby.Server.Implementations.ScheduledTasks.TaskManager: Daily trigger for "Extract Chapter Images" set to fire at 2025-07-25 02:00:00.000 +05:30, which is 23:59:58.9998569 from now.
[2025-07-24 03:00:00.127 +05:30] [INF] [133] Jellyfin.Server.Implementations.Trickplay.TrickplayManager: Creating trickplay files at 320 width, for "/mnt/media/songs/8K Remastered - ButtaBomma ｜ Allu Arjun, Pooja Hegde ｜ Butta Bomma.mp4" [ID: a99e37c2-5f7f-8ad8-d9c6-fa692f59e525]
[2025-07-24 03:00:00.127 +05:30] [INF] [133] MediaBrowser.MediaEncoding.Encoder.MediaEncoder: Trickplay generation: "/usr/lib/jellyfin-ffmpeg/ffmpeg -loglevel error -threads 1 -i file:\"/mnt/media/songs/8K Remastered - ButtaBomma ｜ Allu Arjun, Pooja Hegde ｜ Butta Bomma.mp4\" -an -sn -vf \"fps=0.10000000149011612,setparams=color_primaries=bt709:color_trc=bt709:colorspace=bt709,scale=trunc(min(max(iw\,ih*(a*sar))\,320)/2)*2:trunc(ow/(a*sar)/2)*2,format=yuv420p\" -threads 1 -c:v mjpeg -qscale:v 4 -fps_mode passthrough -f image2 \"/tmp/jellyfin/ce7e889b0ca44e139c4cb448a9ef2ec9/%08d.jpg\""
[2025-07-24 03:00:01.000 +05:30] [INF] [133] Emby.Server.Implementations.ScheduledTasks.TaskManager: Daily trigger for "Generate Trickplay Images" set to fire at 2025-07-25 03:00:00.000 +05:30, which is 23:59:58.9990332 from now.
[2025-07-24 03:00:40.130 +05:30] [INF] [133] MediaBrowser.MediaEncoding.Encoder.MediaEncoder: Trickplay process unresponsive.
[2025-07-24 03:00:40.130 +05:30] [INF] [133] MediaBrowser.MediaEncoding.Encoder.MediaEncoder: Stopping trickplay extraction.
[2025-07-24 03:00:41.130 +05:30] [INF] [133] MediaBrowser.MediaEncoding.Encoder.MediaEncoder: Killing ffmpeg process
[2025-07-24 03:00:41.130 +05:30] [ERR] [133] MediaBrowser.MediaEncoding.Encoder.MediaEncoder: ffmpeg image extraction failed for "/usr/lib/jellyfin-ffmpeg/ffmpeg -loglevel error -threads 1 -i file:\"/mnt/media/songs/8K Remastered - ButtaBomma ｜ Allu Arjun, Pooja Hegde ｜ Butta Bomma.mp4\" -an -sn -vf \"fps=0.10000000149011612,setparams=color_primaries=bt709:color_trc=bt709:colorspace=bt709,scale=trunc(min(max(iw\,ih*(a*sar))\,320)/2)*2:trunc(ow/(a*sar)/2)*2,format=yuv420p\" -threads 1 -c:v mjpeg -qscale:v 4 -fps_mode passthrough -f image2 \"/tmp/jellyfin/ce7e889b0ca44e139c4cb448a9ef2ec9/%08d.jpg\""
[2025-07-24 03:00:41.131 +05:30] [ERR] [133] Jellyfin.Server.Implementations.Trickplay.TrickplayManager: Error creating trickplay images.
MediaBrowser.Common.FfmpegException: ffmpeg image extraction failed for /usr/lib/jellyfin-ffmpeg/ffmpeg -loglevel error -threads 1 -i file:"/mnt/media/songs/8K Remastered - ButtaBomma ｜ Allu Arjun, Pooja Hegde ｜ Butta Bomma.mp4" -an -sn -vf "fps=0.10000000149011612,setparams=color_primaries=bt709:color_trc=bt709:colorspace=bt709,scale=trunc(min(max(iw\,ih*(a*sar))\,320)/2)*2:trunc(ow/(a*sar)/2)*2,format=yuv420p" -threads 1 -c:v mjpeg -qscale:v 4 -fps_mode passthrough -f image2 "/tmp/jellyfin/ce7e889b0ca44e139c4cb448a9ef2ec9/%08d.jpg"
   at MediaBrowser.MediaEncoding.Encoder.MediaEncoder.ExtractVideoImagesOnIntervalInternal(String inputArg, String filterParam, String vidEncoder, Nullable`1 outputThreads, Nullable`1 qualityScale, Nullable`1 priority, CancellationToken cancellationToken)
   at Jellyfin.Server.Implementations.Trickplay.TrickplayManager.RefreshTrickplayDataInternal(Video video, Boolean replace, Int32 width, TrickplayOptions options, LibraryOptions libraryOptions, CancellationToken cancellationToken)
[2025-07-24 03:00:41.177 +05:30] [INF] [133] Jellyfin.Server.Implementations.Trickplay.TrickplayManager: Creating trickplay files at 320 width, for "/mnt/media/songs/Plex Versions/Original Quality/8K Remastered - ButtaBomma ｜ Allu Arjun_ Pooja Hegde ｜ Butta Bomma (2024).mp4" [ID: 6a2ebd5e-1c64-e401-a8e5-2007f8aa4132]
[2025-07-24 03:00:41.177 +05:30] [INF] [133] MediaBrowser.MediaEncoding.Encoder.MediaEncoder: Trickplay generation: "/usr/lib/jellyfin-ffmpeg/ffmpeg -loglevel error -threads 1 -i file:\"/mnt/media/songs/Plex Versions/Original Quality/8K Remastered - ButtaBomma ｜ Allu Arjun_ Pooja Hegde ｜ Butta Bomma (2024).mp4\" -an -sn -vf \"fps=0.10000000149011612,setparams=color_primaries=bt709:color_trc=bt709:colorspace=bt709,scale=trunc(min(max(iw\,ih*(a*sar))\,320)/2)*2:trunc(ow/(a*sar)/2)*2,format=yuv420p\" -threads 1 -c:v mjpeg -qscale:v 4 -fps_mode passthrough -f image2 \"/tmp/jellyfin/c1ed634b698c481c94846388785f41ad/%08d.jpg\""
[2025-07-24 03:02:41.182 +05:30] [INF] [133] MediaBrowser.MediaEncoding.Encoder.MediaEncoder: Trickplay process unresponsive.
[2025-07-24 03:02:41.182 +05:30] [INF] [133] MediaBrowser.MediaEncoding.Encoder.MediaEncoder: Stopping trickplay extraction.
[2025-07-24 03:02:42.183 +05:30] [INF] [133] MediaBrowser.MediaEncoding.Encoder.MediaEncoder: Killing ffmpeg process
[2025-07-24 03:02:42.183 +05:30] [ERR] [133] MediaBrowser.MediaEncoding.Encoder.MediaEncoder: ffmpeg image extraction failed for "/usr/lib/jellyfin-ffmpeg/ffmpeg -loglevel error -threads 1 -i file:\"/mnt/media/songs/Plex Versions/Original Quality/8K Remastered - ButtaBomma ｜ Allu Arjun_ Pooja Hegde ｜ Butta Bomma (2024).mp4\" -an -sn -vf \"fps=0.10000000149011612,setparams=color_primaries=bt709:color_trc=bt709:colorspace=bt709,scale=trunc(min(max(iw\,ih*(a*sar))\,320)/2)*2:trunc(ow/(a*sar)/2)*2,format=yuv420p\" -threads 1 -c:v mjpeg -qscale:v 4 -fps_mode passthrough -f image2 \"/tmp/jellyfin/c1ed634b698c481c94846388785f41ad/%08d.jpg\""
[2025-07-24 03:02:42.184 +05:30] [ERR] [133] Jellyfin.Server.Implementations.Trickplay.TrickplayManager: Error creating trickplay images.
MediaBrowser.Common.FfmpegException: ffmpeg image extraction failed for /usr/lib/jellyfin-ffmpeg/ffmpeg -loglevel error -threads 1 -i file:"/mnt/media/songs/Plex Versions/Original Quality/8K Remastered - ButtaBomma ｜ Allu Arjun_ Pooja Hegde ｜ Butta Bomma (2024).mp4" -an -sn -vf "fps=0.10000000149011612,setparams=color_primaries=bt709:color_trc=bt709:colorspace=bt709,scale=trunc(min(max(iw\,ih*(a*sar))\,320)/2)*2:trunc(ow/(a*sar)/2)*2,format=yuv420p" -threads 1 -c:v mjpeg -qscale:v 4 -fps_mode passthrough -f image2 "/tmp/jellyfin/c1ed634b698c481c94846388785f41ad/%08d.jpg"
   at MediaBrowser.MediaEncoding.Encoder.MediaEncoder.ExtractVideoImagesOnIntervalInternal(String inputArg, String filterParam, String vidEncoder, Nullable`1 outputThreads, Nullable`1 qualityScale, Nullable`1 priority, CancellationToken cancellationToken)
   at Jellyfin.Server.Implementations.Trickplay.TrickplayManager.RefreshTrickplayDataInternal(Video video, Boolean replace, Int32 width, TrickplayOptions options, LibraryOptions libraryOptions, CancellationToken cancellationToken)
[2025-07-24 03:02:42.185 +05:30] [INF] [133] Jellyfin.Server.Implementations.Trickplay.TrickplayManager: Creating trickplay files at 320 width, for "/mnt/media/songs/Plex Versions/Original Quality/8K Remastered - Aaj Ki Raat (Full Song) ｜ Tamannaah Bhatia ｜ Stree 2 (2024).mp4" [ID: 0ae8f763-3a3a-88ad-a8e5-99f19cbeb73e]
[2025-07-24 03:02:42.186 +05:30] [INF] [133] MediaBrowser.MediaEncoding.Encoder.MediaEncoder: Trickplay generation: "/usr/lib/jellyfin-ffmpeg/ffmpeg -loglevel error -threads 1 -i file:\"/mnt/media/songs/Plex Versions/Original Quality/8K Remastered - Aaj Ki Raat (Full Song) ｜ Tamannaah Bhatia ｜ Stree 2 (2024).mp4\" -an -sn -vf \"fps=0.10000000149011612,setparams=color_primaries=bt709:color_trc=bt709:colorspace=bt709,scale=trunc(min(max(iw\,ih*(a*sar))\,320)/2)*2:trunc(ow/(a*sar)/2)*2,format=yuv420p\" -threads 1 -c:v mjpeg -qscale:v 4 -fps_mode passthrough -f image2 \"/tmp/jellyfin/0adcc77124b3478d95a82549711f1971/%08d.jpg\""
[2025-07-24 03:04:02.190 +05:30] [INF] [134] MediaBrowser.MediaEncoding.Encoder.MediaEncoder: Trickplay process unresponsive.
[2025-07-24 03:04:02.190 +05:30] [INF] [134] MediaBrowser.MediaEncoding.Encoder.MediaEncoder: Stopping trickplay extraction.
[2025-07-24 03:04:03.190 +05:30] [INF] [134] MediaBrowser.MediaEncoding.Encoder.MediaEncoder: Killing ffmpeg process
[2025-07-24 03:04:03.190 +05:30] [ERR] [134] MediaBrowser.MediaEncoding.Encoder.MediaEncoder: ffmpeg image extraction failed for "/usr/lib/jellyfin-ffmpeg/ffmpeg -loglevel error -threads 1 -i file:\"/mnt/media/songs/Plex Versions/Original Quality/8K Remastered - Aaj Ki Raat (Full Song) ｜ Tamannaah Bhatia ｜ Stree 2 (2024).mp4\" -an -sn -vf \"fps=0.10000000149011612,setparams=color_primaries=bt709:color_trc=bt709:colorspace=bt709,scale=trunc(min(max(iw\,ih*(a*sar))\,320)/2)*2:trunc(ow/(a*sar)/2)*2,format=yuv420p\" -threads 1 -c:v mjpeg -qscale:v 4 -fps_mode passthrough -f image2 \"/tmp/jellyfin/0adcc77124b3478d95a82549711f1971/%08d.jpg\""
[2025-07-24 03:04:03.191 +05:30] [ERR] [134] Jellyfin.Server.Implementations.Trickplay.TrickplayManager: Error creating trickplay images.
MediaBrowser.Common.FfmpegException: ffmpeg image extraction failed for /usr/lib/jellyfin-ffmpeg/ffmpeg -loglevel error -threads 1 -i file:"/mnt/media/songs/Plex Versions/Original Quality/8K Remastered - Aaj Ki Raat (Full Song) ｜ Tamannaah Bhatia ｜ Stree 2 (2024).mp4" -an -sn -vf "fps=0.10000000149011612,setparams=color_primaries=bt709:color_trc=bt709:colorspace=bt709,scale=trunc(min(max(iw\,ih*(a*sar))\,320)/2)*2:trunc(ow/(a*sar)/2)*2,format=yuv420p" -threads 1 -c:v mjpeg -qscale:v 4 -fps_mode passthrough -f image2 "/tmp/jellyfin/0adcc77124b3478d95a82549711f1971/%08d.jpg"
   at MediaBrowser.MediaEncoding.Encoder.MediaEncoder.ExtractVideoImagesOnIntervalInternal(String inputArg, String filterParam, String vidEncoder, Nullable`1 outputThreads, Nullable`1 qualityScale, Nullable`1 priority, CancellationToken cancellationToken)
   at Jellyfin.Server.Implementations.Trickplay.TrickplayManager.RefreshTrickplayDataInternal(Video video, Boolean replace, Int32 width, TrickplayOptions options, LibraryOptions libraryOptions, CancellationToken cancellationToken)
[2025-07-24 03:04:03.245 +05:30] [INF] [134] Jellyfin.Server.Implementations.Trickplay.TrickplayManager: Creating trickplay files at 320 width, for "/mnt/media/songs/8K Remastered - Aaj Ki Raat (Full Song) ｜ Tamannaah Bhatia ｜ Stree 2.mp4" [ID: 25946ad2-0c72-61d6-6550-8ce4d641811c]
[2025-07-24 03:04:03.245 +05:30] [INF] [134] MediaBrowser.MediaEncoding.Encoder.MediaEncoder: Trickplay generation: "/usr/lib/jellyfin-ffmpeg/ffmpeg -loglevel error -threads 1 -i file:\"/mnt/media/songs/8K Remastered - Aaj Ki Raat (Full Song) ｜ Tamannaah Bhatia ｜ Stree 2.mp4\" -an -sn -vf \"fps=0.10000000149011612,setparams=color_primaries=bt709:color_trc=bt709:colorspace=bt709,scale=trunc(min(max(iw\,ih*(a*sar))\,320)/2)*2:trunc(ow/(a*sar)/2)*2,format=yuv420p\" -threads 1 -c:v mjpeg -qscale:v 4 -fps_mode passthrough -f image2 \"/tmp/jellyfin/a7ad77653b19404aa9165d9d8ce596c3/%08d.jpg\""
[2025-07-24 03:04:23.247 +05:30] [INF] [134] MediaBrowser.MediaEncoding.Encoder.MediaEncoder: Trickplay process unresponsive.
[2025-07-24 03:04:23.247 +05:30] [INF] [134] MediaBrowser.MediaEncoding.Encoder.MediaEncoder: Stopping trickplay extraction.
[2025-07-24 03:04:24.247 +05:30] [INF] [134] MediaBrowser.MediaEncoding.Encoder.MediaEncoder: Killing ffmpeg process
[2025-07-24 03:04:24.247 +05:30] [ERR] [134] MediaBrowser.MediaEncoding.Encoder.MediaEncoder: ffmpeg image extraction failed for "/usr/lib/jellyfin-ffmpeg/ffmpeg -loglevel error -threads 1 -i file:\"/mnt/media/songs/8K Remastered - Aaj Ki Raat (Full Song) ｜ Tamannaah Bhatia ｜ Stree 2.mp4\" -an -sn -vf \"fps=0.10000000149011612,setparams=color_primaries=bt709:color_trc=bt709:colorspace=bt709,scale=trunc(min(max(iw\,ih*(a*sar))\,320)/2)*2:trunc(ow/(a*sar)/2)*2,format=yuv420p\" -threads 1 -c:v mjpeg -qscale:v 4 -fps_mode passthrough -f image2 \"/tmp/jellyfin/a7ad77653b19404aa9165d9d8ce596c3/%08d.jpg\""
[2025-07-24 03:04:24.248 +05:30] [ERR] [134] Jellyfin.Server.Implementations.Trickplay.TrickplayManager: Error creating trickplay images.
MediaBrowser.Common.FfmpegException: ffmpeg image extraction failed for /usr/lib/jellyfin-ffmpeg/ffmpeg -loglevel error -threads 1 -i file:"/mnt/media/songs/8K Remastered - Aaj Ki Raat (Full Song) ｜ Tamannaah Bhatia ｜ Stree 2.mp4" -an -sn -vf "fps=0.10000000149011612,setparams=color_primaries=bt709:color_trc=bt709:colorspace=bt709,scale=trunc(min(max(iw\,ih*(a*sar))\,320)/2)*2:trunc(ow/(a*sar)/2)*2,format=yuv420p" -threads 1 -c:v mjpeg -qscale:v 4 -fps_mode passthrough -f image2 "/tmp/jellyfin/a7ad77653b19404aa9165d9d8ce596c3/%08d.jpg"
   at MediaBrowser.MediaEncoding.Encoder.MediaEncoder.ExtractVideoImagesOnIntervalInternal(String inputArg, String filterParam, String vidEncoder, Nullable`1 outputThreads, Nullable`1 qualityScale, Nullable`1 priority, CancellationToken cancellationToken)
   at Jellyfin.Server.Implementations.Trickplay.TrickplayManager.RefreshTrickplayDataInternal(Video video, Boolean replace, Int32 width, TrickplayOptions options, LibraryOptions libraryOptions, CancellationToken cancellationToken)
[2025-07-24 03:04:24.249 +05:30] [INF] [134] Emby.Server.Implementations.ScheduledTasks.TaskManager: "Generate Trickplay Images" Completed after 4 minute(s) and 24 seconds
