[2025-07-22 02:00:00.011 +05:30] [INF] [78] Emby.Server.Implementations.MediaEncoder.EncodingManager: Skipping chapter image extraction for "Kalippu - BD50 TrueHD" as the average chapter duration 0 was lower than the minimum threshold 10000000
[2025-07-22 02:00:00.013 +05:30] [INF] [78] Emby.Server.Implementations.ScheduledTasks.TaskManager: "Extract Chapter Images" Completed after 0 minute(s) and 0 seconds
[2025-07-22 02:00:01.000 +05:30] [INF] [78] Emby.Server.Implementations.ScheduledTasks.TaskManager: Daily trigger for "Extract Chapter Images" set to fire at 2025-07-23 02:00:00.000 +05:30, which is 23:59:58.9990591 from now.
[2025-07-22 03:00:00.118 +05:30] [INF] [78] Jellyfin.Server.Implementations.Trickplay.TrickplayManager: Creating trickplay files at 320 width, for "/mnt/media/songs/8K Remastered - ButtaBomma ｜ Allu Arjun, Pooja Hegde ｜ Butta Bomma.mp4" [ID: a99e37c2-5f7f-8ad8-d9c6-fa692f59e525]
[2025-07-22 03:00:00.118 +05:30] [INF] [78] MediaBrowser.MediaEncoding.Encoder.MediaEncoder: Trickplay generation: "/usr/lib/jellyfin-ffmpeg/ffmpeg -loglevel error -threads 1 -i file:\"/mnt/media/songs/8K Remastered - ButtaBomma ｜ Allu Arjun, Pooja Hegde ｜ Butta Bomma.mp4\" -an -sn -vf \"fps=0.10000000149011612,setparams=color_primaries=bt709:color_trc=bt709:colorspace=bt709,scale=trunc(min(max(iw\,ih*(a*sar))\,320)/2)*2:trunc(ow/(a*sar)/2)*2,format=yuv420p\" -threads 1 -c:v mjpeg -qscale:v 4 -fps_mode passthrough -f image2 \"/tmp/jellyfin/ebd737fb89134ed5b93a2c85224e2d6d/%08d.jpg\""
[2025-07-22 03:00:01.000 +05:30] [INF] [78] Emby.Server.Implementations.ScheduledTasks.TaskManager: Daily trigger for "Generate Trickplay Images" set to fire at 2025-07-23 03:00:00.000 +05:30, which is 23:59:58.9994503 from now.
[2025-07-22 03:00:40.121 +05:30] [INF] [78] MediaBrowser.MediaEncoding.Encoder.MediaEncoder: Trickplay process unresponsive.
[2025-07-22 03:00:40.121 +05:30] [INF] [78] MediaBrowser.MediaEncoding.Encoder.MediaEncoder: Stopping trickplay extraction.
[2025-07-22 03:00:41.121 +05:30] [INF] [78] MediaBrowser.MediaEncoding.Encoder.MediaEncoder: Killing ffmpeg process
[2025-07-22 03:00:41.121 +05:30] [ERR] [78] MediaBrowser.MediaEncoding.Encoder.MediaEncoder: ffmpeg image extraction failed for "/usr/lib/jellyfin-ffmpeg/ffmpeg -loglevel error -threads 1 -i file:\"/mnt/media/songs/8K Remastered - ButtaBomma ｜ Allu Arjun, Pooja Hegde ｜ Butta Bomma.mp4\" -an -sn -vf \"fps=0.10000000149011612,setparams=color_primaries=bt709:color_trc=bt709:colorspace=bt709,scale=trunc(min(max(iw\,ih*(a*sar))\,320)/2)*2:trunc(ow/(a*sar)/2)*2,format=yuv420p\" -threads 1 -c:v mjpeg -qscale:v 4 -fps_mode passthrough -f image2 \"/tmp/jellyfin/ebd737fb89134ed5b93a2c85224e2d6d/%08d.jpg\""
[2025-07-22 03:00:41.122 +05:30] [ERR] [78] Jellyfin.Server.Implementations.Trickplay.TrickplayManager: Error creating trickplay images.
MediaBrowser.Common.FfmpegException: ffmpeg image extraction failed for /usr/lib/jellyfin-ffmpeg/ffmpeg -loglevel error -threads 1 -i file:"/mnt/media/songs/8K Remastered - ButtaBomma ｜ Allu Arjun, Pooja Hegde ｜ Butta Bomma.mp4" -an -sn -vf "fps=0.10000000149011612,setparams=color_primaries=bt709:color_trc=bt709:colorspace=bt709,scale=trunc(min(max(iw\,ih*(a*sar))\,320)/2)*2:trunc(ow/(a*sar)/2)*2,format=yuv420p" -threads 1 -c:v mjpeg -qscale:v 4 -fps_mode passthrough -f image2 "/tmp/jellyfin/ebd737fb89134ed5b93a2c85224e2d6d/%08d.jpg"
   at MediaBrowser.MediaEncoding.Encoder.MediaEncoder.ExtractVideoImagesOnIntervalInternal(String inputArg, String filterParam, String vidEncoder, Nullable`1 outputThreads, Nullable`1 qualityScale, Nullable`1 priority, CancellationToken cancellationToken)
   at Jellyfin.Server.Implementations.Trickplay.TrickplayManager.RefreshTrickplayDataInternal(Video video, Boolean replace, Int32 width, TrickplayOptions options, LibraryOptions libraryOptions, CancellationToken cancellationToken)
[2025-07-22 03:00:41.131 +05:30] [INF] [78] Jellyfin.Server.Implementations.Trickplay.TrickplayManager: Creating trickplay files at 320 width, for "/mnt/media/songs/8K Remastered - Aaj Ki Raat (Full Song) ｜ Tamannaah Bhatia ｜ Stree 2.mp4" [ID: 25946ad2-0c72-61d6-6550-8ce4d641811c]
[2025-07-22 03:00:41.132 +05:30] [INF] [78] MediaBrowser.MediaEncoding.Encoder.MediaEncoder: Trickplay generation: "/usr/lib/jellyfin-ffmpeg/ffmpeg -loglevel error -threads 1 -i file:\"/mnt/media/songs/8K Remastered - Aaj Ki Raat (Full Song) ｜ Tamannaah Bhatia ｜ Stree 2.mp4\" -an -sn -vf \"fps=0.10000000149011612,setparams=color_primaries=bt709:color_trc=bt709:colorspace=bt709,scale=trunc(min(max(iw\,ih*(a*sar))\,320)/2)*2:trunc(ow/(a*sar)/2)*2,format=yuv420p\" -threads 1 -c:v mjpeg -qscale:v 4 -fps_mode passthrough -f image2 \"/tmp/jellyfin/61228f90bb1746d0bcfa537658783147/%08d.jpg\""
[2025-07-22 03:01:01.133 +05:30] [INF] [78] MediaBrowser.MediaEncoding.Encoder.MediaEncoder: Trickplay process unresponsive.
[2025-07-22 03:01:01.133 +05:30] [INF] [78] MediaBrowser.MediaEncoding.Encoder.MediaEncoder: Stopping trickplay extraction.
[2025-07-22 03:01:02.133 +05:30] [INF] [78] MediaBrowser.MediaEncoding.Encoder.MediaEncoder: Killing ffmpeg process
[2025-07-22 03:01:02.133 +05:30] [ERR] [78] MediaBrowser.MediaEncoding.Encoder.MediaEncoder: ffmpeg image extraction failed for "/usr/lib/jellyfin-ffmpeg/ffmpeg -loglevel error -threads 1 -i file:\"/mnt/media/songs/8K Remastered - Aaj Ki Raat (Full Song) ｜ Tamannaah Bhatia ｜ Stree 2.mp4\" -an -sn -vf \"fps=0.10000000149011612,setparams=color_primaries=bt709:color_trc=bt709:colorspace=bt709,scale=trunc(min(max(iw\,ih*(a*sar))\,320)/2)*2:trunc(ow/(a*sar)/2)*2,format=yuv420p\" -threads 1 -c:v mjpeg -qscale:v 4 -fps_mode passthrough -f image2 \"/tmp/jellyfin/61228f90bb1746d0bcfa537658783147/%08d.jpg\""
[2025-07-22 03:01:02.133 +05:30] [ERR] [78] Jellyfin.Server.Implementations.Trickplay.TrickplayManager: Error creating trickplay images.
MediaBrowser.Common.FfmpegException: ffmpeg image extraction failed for /usr/lib/jellyfin-ffmpeg/ffmpeg -loglevel error -threads 1 -i file:"/mnt/media/songs/8K Remastered - Aaj Ki Raat (Full Song) ｜ Tamannaah Bhatia ｜ Stree 2.mp4" -an -sn -vf "fps=0.10000000149011612,setparams=color_primaries=bt709:color_trc=bt709:colorspace=bt709,scale=trunc(min(max(iw\,ih*(a*sar))\,320)/2)*2:trunc(ow/(a*sar)/2)*2,format=yuv420p" -threads 1 -c:v mjpeg -qscale:v 4 -fps_mode passthrough -f image2 "/tmp/jellyfin/61228f90bb1746d0bcfa537658783147/%08d.jpg"
   at MediaBrowser.MediaEncoding.Encoder.MediaEncoder.ExtractVideoImagesOnIntervalInternal(String inputArg, String filterParam, String vidEncoder, Nullable`1 outputThreads, Nullable`1 qualityScale, Nullable`1 priority, CancellationToken cancellationToken)
   at Jellyfin.Server.Implementations.Trickplay.TrickplayManager.RefreshTrickplayDataInternal(Video video, Boolean replace, Int32 width, TrickplayOptions options, LibraryOptions libraryOptions, CancellationToken cancellationToken)
[2025-07-22 03:01:02.159 +05:30] [INF] [78] Jellyfin.Server.Implementations.Trickplay.TrickplayManager: Creating trickplay files at 320 width, for "/mnt/media/songs/Plex Versions/Original Quality/8K Remastered - ButtaBomma ｜ Allu Arjun_ Pooja Hegde ｜ Butta Bomma (2024).mp4" [ID: 6a2ebd5e-1c64-e401-a8e5-2007f8aa4132]
[2025-07-22 03:01:02.159 +05:30] [INF] [78] MediaBrowser.MediaEncoding.Encoder.MediaEncoder: Trickplay generation: "/usr/lib/jellyfin-ffmpeg/ffmpeg -loglevel error -threads 1 -i file:\"/mnt/media/songs/Plex Versions/Original Quality/8K Remastered - ButtaBomma ｜ Allu Arjun_ Pooja Hegde ｜ Butta Bomma (2024).mp4\" -an -sn -vf \"fps=0.10000000149011612,setparams=color_primaries=bt709:color_trc=bt709:colorspace=bt709,scale=trunc(min(max(iw\,ih*(a*sar))\,320)/2)*2:trunc(ow/(a*sar)/2)*2,format=yuv420p\" -threads 1 -c:v mjpeg -qscale:v 4 -fps_mode passthrough -f image2 \"/tmp/jellyfin/32a1b9acf7344b79a56e28d0f19e2425/%08d.jpg\""
[2025-07-22 03:03:02.164 +05:30] [INF] [78] MediaBrowser.MediaEncoding.Encoder.MediaEncoder: Trickplay process unresponsive.
[2025-07-22 03:03:02.164 +05:30] [INF] [78] MediaBrowser.MediaEncoding.Encoder.MediaEncoder: Stopping trickplay extraction.
[2025-07-22 03:03:03.164 +05:30] [INF] [78] MediaBrowser.MediaEncoding.Encoder.MediaEncoder: Killing ffmpeg process
[2025-07-22 03:03:03.164 +05:30] [ERR] [78] MediaBrowser.MediaEncoding.Encoder.MediaEncoder: ffmpeg image extraction failed for "/usr/lib/jellyfin-ffmpeg/ffmpeg -loglevel error -threads 1 -i file:\"/mnt/media/songs/Plex Versions/Original Quality/8K Remastered - ButtaBomma ｜ Allu Arjun_ Pooja Hegde ｜ Butta Bomma (2024).mp4\" -an -sn -vf \"fps=0.10000000149011612,setparams=color_primaries=bt709:color_trc=bt709:colorspace=bt709,scale=trunc(min(max(iw\,ih*(a*sar))\,320)/2)*2:trunc(ow/(a*sar)/2)*2,format=yuv420p\" -threads 1 -c:v mjpeg -qscale:v 4 -fps_mode passthrough -f image2 \"/tmp/jellyfin/32a1b9acf7344b79a56e28d0f19e2425/%08d.jpg\""
[2025-07-22 03:03:03.165 +05:30] [ERR] [78] Jellyfin.Server.Implementations.Trickplay.TrickplayManager: Error creating trickplay images.
MediaBrowser.Common.FfmpegException: ffmpeg image extraction failed for /usr/lib/jellyfin-ffmpeg/ffmpeg -loglevel error -threads 1 -i file:"/mnt/media/songs/Plex Versions/Original Quality/8K Remastered - ButtaBomma ｜ Allu Arjun_ Pooja Hegde ｜ Butta Bomma (2024).mp4" -an -sn -vf "fps=0.10000000149011612,setparams=color_primaries=bt709:color_trc=bt709:colorspace=bt709,scale=trunc(min(max(iw\,ih*(a*sar))\,320)/2)*2:trunc(ow/(a*sar)/2)*2,format=yuv420p" -threads 1 -c:v mjpeg -qscale:v 4 -fps_mode passthrough -f image2 "/tmp/jellyfin/32a1b9acf7344b79a56e28d0f19e2425/%08d.jpg"
   at MediaBrowser.MediaEncoding.Encoder.MediaEncoder.ExtractVideoImagesOnIntervalInternal(String inputArg, String filterParam, String vidEncoder, Nullable`1 outputThreads, Nullable`1 qualityScale, Nullable`1 priority, CancellationToken cancellationToken)
   at Jellyfin.Server.Implementations.Trickplay.TrickplayManager.RefreshTrickplayDataInternal(Video video, Boolean replace, Int32 width, TrickplayOptions options, LibraryOptions libraryOptions, CancellationToken cancellationToken)
[2025-07-22 03:03:03.181 +05:30] [INF] [78] Jellyfin.Server.Implementations.Trickplay.TrickplayManager: Creating trickplay files at 320 width, for "/mnt/media/songs/Plex Versions/Original Quality/8K Remastered - Aaj Ki Raat (Full Song) ｜ Tamannaah Bhatia ｜ Stree 2 (2024).mp4" [ID: 0ae8f763-3a3a-88ad-a8e5-99f19cbeb73e]
[2025-07-22 03:03:03.182 +05:30] [INF] [78] MediaBrowser.MediaEncoding.Encoder.MediaEncoder: Trickplay generation: "/usr/lib/jellyfin-ffmpeg/ffmpeg -loglevel error -threads 1 -i file:\"/mnt/media/songs/Plex Versions/Original Quality/8K Remastered - Aaj Ki Raat (Full Song) ｜ Tamannaah Bhatia ｜ Stree 2 (2024).mp4\" -an -sn -vf \"fps=0.10000000149011612,setparams=color_primaries=bt709:color_trc=bt709:colorspace=bt709,scale=trunc(min(max(iw\,ih*(a*sar))\,320)/2)*2:trunc(ow/(a*sar)/2)*2,format=yuv420p\" -threads 1 -c:v mjpeg -qscale:v 4 -fps_mode passthrough -f image2 \"/tmp/jellyfin/56500f4a866d4f28a4d1102e5aa53b04/%08d.jpg\""
[2025-07-22 03:04:23.186 +05:30] [INF] [83] MediaBrowser.MediaEncoding.Encoder.MediaEncoder: Trickplay process unresponsive.
[2025-07-22 03:04:23.186 +05:30] [INF] [83] MediaBrowser.MediaEncoding.Encoder.MediaEncoder: Stopping trickplay extraction.
[2025-07-22 03:04:24.186 +05:30] [INF] [83] MediaBrowser.MediaEncoding.Encoder.MediaEncoder: Killing ffmpeg process
[2025-07-22 03:04:24.186 +05:30] [ERR] [83] MediaBrowser.MediaEncoding.Encoder.MediaEncoder: ffmpeg image extraction failed for "/usr/lib/jellyfin-ffmpeg/ffmpeg -loglevel error -threads 1 -i file:\"/mnt/media/songs/Plex Versions/Original Quality/8K Remastered - Aaj Ki Raat (Full Song) ｜ Tamannaah Bhatia ｜ Stree 2 (2024).mp4\" -an -sn -vf \"fps=0.10000000149011612,setparams=color_primaries=bt709:color_trc=bt709:colorspace=bt709,scale=trunc(min(max(iw\,ih*(a*sar))\,320)/2)*2:trunc(ow/(a*sar)/2)*2,format=yuv420p\" -threads 1 -c:v mjpeg -qscale:v 4 -fps_mode passthrough -f image2 \"/tmp/jellyfin/56500f4a866d4f28a4d1102e5aa53b04/%08d.jpg\""
[2025-07-22 03:04:24.187 +05:30] [ERR] [83] Jellyfin.Server.Implementations.Trickplay.TrickplayManager: Error creating trickplay images.
MediaBrowser.Common.FfmpegException: ffmpeg image extraction failed for /usr/lib/jellyfin-ffmpeg/ffmpeg -loglevel error -threads 1 -i file:"/mnt/media/songs/Plex Versions/Original Quality/8K Remastered - Aaj Ki Raat (Full Song) ｜ Tamannaah Bhatia ｜ Stree 2 (2024).mp4" -an -sn -vf "fps=0.10000000149011612,setparams=color_primaries=bt709:color_trc=bt709:colorspace=bt709,scale=trunc(min(max(iw\,ih*(a*sar))\,320)/2)*2:trunc(ow/(a*sar)/2)*2,format=yuv420p" -threads 1 -c:v mjpeg -qscale:v 4 -fps_mode passthrough -f image2 "/tmp/jellyfin/56500f4a866d4f28a4d1102e5aa53b04/%08d.jpg"
   at MediaBrowser.MediaEncoding.Encoder.MediaEncoder.ExtractVideoImagesOnIntervalInternal(String inputArg, String filterParam, String vidEncoder, Nullable`1 outputThreads, Nullable`1 qualityScale, Nullable`1 priority, CancellationToken cancellationToken)
   at Jellyfin.Server.Implementations.Trickplay.TrickplayManager.RefreshTrickplayDataInternal(Video video, Boolean replace, Int32 width, TrickplayOptions options, LibraryOptions libraryOptions, CancellationToken cancellationToken)
[2025-07-22 03:04:24.214 +05:30] [INF] [83] Emby.Server.Implementations.ScheduledTasks.TaskManager: "Generate Trickplay Images" Completed after 4 minute(s) and 24 seconds
[2025-07-22 11:41:23.863 +05:30] [INF] [126] Emby.Server.Implementations.ScheduledTasks.TaskManager: "Download missing subtitles" Completed after 0 minute(s) and 0 seconds
[2025-07-22 11:41:23.883 +05:30] [INF] [96] Emby.Server.Implementations.ScheduledTasks.TaskManager: "Audio Normalization" Completed after 0 minute(s) and 0 seconds
[2025-07-22 11:41:23.903 +05:30] [INF] [96] Emby.Server.Implementations.ScheduledTasks.TaskManager: "Clean Log Directory" Completed after 0 minute(s) and 0 seconds
[2025-07-22 11:41:23.921 +05:30] [INF] [126] Emby.Server.Implementations.ScheduledTasks.TaskManager: "Clean Cache Directory" Completed after 0 minute(s) and 0 seconds
[2025-07-22 11:41:23.939 +05:30] [INF] [95] Emby.Server.Implementations.ScheduledTasks.TaskManager: "Clean Transcode Directory" Completed after 0 minute(s) and 0 seconds
[2025-07-22 11:41:23.958 +05:30] [INF] [95] Emby.Server.Implementations.ScheduledTasks.Tasks.OptimizeDatabaseTask: Optimizing and vacuuming jellyfin.db...
[2025-07-22 11:41:23.959 +05:30] [INF] [126] Emby.Server.Implementations.ScheduledTasks.TaskManager: "TasksRefreshChannels" Completed after 0 minute(s) and 0 seconds
[2025-07-22 11:41:23.977 +05:30] [INF] [95] Emby.Server.Implementations.ScheduledTasks.Tasks.OptimizeDatabaseTask: jellyfin.db optimized successfully!
[2025-07-22 11:41:23.977 +05:30] [INF] [95] Emby.Server.Implementations.ScheduledTasks.TaskManager: "Optimize database" Completed after 0 minute(s) and 0 seconds
[2025-07-22 11:41:23.997 +05:30] [INF] [101] Emby.Server.Implementations.ScheduledTasks.TaskManager: "Download missing lyrics" Completed after 0 minute(s) and 0 seconds
[2025-07-22 11:41:25.358 +05:30] [INF] [26] Emby.Server.Implementations.ScheduledTasks.TaskManager: "Update Plugins" Completed after 0 minute(s) and 1 seconds
[2025-07-22 11:41:26.957 +05:30] [INF] [126] Jellyfin.LiveTv.Guide.GuideManager: Refreshing guide with 7 days of guide data
[2025-07-22 11:41:26.958 +05:30] [INF] [126] Emby.Server.Implementations.ScheduledTasks.TaskManager: "Refresh Guide" Completed after 0 minute(s) and 3 seconds
[2025-07-22 11:56:38.878 +05:30] [INF] [26] Emby.Server.Implementations.IO.LibraryMonitor: Stopping directory watching for path "/mnt/media/songs"
[2025-07-22 11:56:38.878 +05:30] [INF] [26] Emby.Server.Implementations.IO.LibraryMonitor: Stopping directory watching for path "/mnt/media/movies"
[2025-07-22 11:56:38.878 +05:30] [INF] [26] Emby.Server.Implementations.Library.LibraryManager: Validating media library
[2025-07-22 11:56:38.887 +05:30] [WRN] [26] MediaBrowser.Controller.Entities.BaseItem: Library folder "/config/data/data/playlists" is inaccessible or empty, skipping
[2025-07-22 11:56:38.893 +05:30] [INF] [61] Emby.Server.Implementations.ScheduledTasks.TaskManager: "Media Segment Scan" Completed after 0 minute(s) and 0 seconds
[2025-07-22 11:56:38.921 +05:30] [WRN] [36] MediaBrowser.Controller.Entities.BaseItem: Library folder "/config/data/data/playlists" is inaccessible or empty, skipping
[2025-07-22 11:56:41.795 +05:30] [INF] [77] Emby.Server.Implementations.ScheduledTasks.TaskManager: "Scan Media Library" Completed after 0 minute(s) and 2 seconds
[2025-07-22 11:56:41.835 +05:30] [INF] [36] Emby.Server.Implementations.IO.LibraryMonitor: Watching directory "/mnt/media/movies"
[2025-07-22 11:56:41.841 +05:30] [INF] [61] Emby.Server.Implementations.IO.LibraryMonitor: Watching directory "/mnt/media/songs"
[2025-07-22 23:02:44.966 +05:30] [INF] [108] Emby.Server.Implementations.Session.SessionManager: Sending shutdown notifications
[2025-07-22 23:02:44.972 +05:30] [INF] [34] Jellyfin.Networking.PortForwardingHost: Stopping NAT discovery
[2025-07-22 23:02:44.976 +05:30] [INF] [33] Main: Running query planner optimizations in the database... This might take a while
[2025-07-22 23:02:44.989 +05:30] [INF] [34] Emby.Server.Implementations.IO.LibraryMonitor: Stopping directory watching for path "/mnt/media/songs"
[2025-07-22 23:02:44.989 +05:30] [INF] [34] Emby.Server.Implementations.IO.LibraryMonitor: Stopping directory watching for path "/mnt/media/movies"
[2025-07-22 23:02:44.998 +05:30] [INF] [33] Emby.Server.Implementations.ApplicationHost: Disposing "CoreAppHost"
[2025-07-22 23:02:44.998 +05:30] [INF] [33] Emby.Server.Implementations.ApplicationHost: Disposing "MusicBrainzArtistProvider"
[2025-07-22 23:02:44.998 +05:30] [INF] [33] Emby.Server.Implementations.ApplicationHost: Disposing "MusicBrainzAlbumProvider"
[2025-07-22 23:02:44.998 +05:30] [INF] [33] Emby.Server.Implementations.ApplicationHost: Disposing "PluginManager"
[2025-07-22 23:02:49.784 +05:30] [INF] [1] Main: Jellyfin version: "10.10.7"
[2025-07-22 23:02:49.808 +05:30] [INF] [1] Main: Environment Variables: ["[JELLYFIN_PublishedServerUrl, http://192.168.1.210]", "[JELLYFIN_LOG_DIR, /config/log]", "[JELLYFIN_CONFIG_DIR, /config]", "[JELLYFIN_DATA_DIR, /config/data]", "[JELLYFIN_WEB_DIR, /usr/share/jellyfin/web]", "[JELLYFIN_CACHE_DIR, /config/cache]"]
[2025-07-22 23:02:49.810 +05:30] [INF] [1] Main: Arguments: ["/usr/lib/jellyfin/bin/jellyfin.dll", "--ffmpeg=/usr/lib/jellyfin-ffmpeg/ffmpeg"]
[2025-07-22 23:02:49.810 +05:30] [INF] [1] Main: Operating system: "Ubuntu 24.04.2 LTS"
[2025-07-22 23:02:49.810 +05:30] [INF] [1] Main: Architecture: X64
[2025-07-22 23:02:49.811 +05:30] [INF] [1] Main: 64-Bit Process: True
[2025-07-22 23:02:49.811 +05:30] [INF] [1] Main: User Interactive: True
[2025-07-22 23:02:49.811 +05:30] [INF] [1] Main: Processor count: 6
[2025-07-22 23:02:49.811 +05:30] [INF] [1] Main: Program data path: "/config/data"
[2025-07-22 23:02:49.811 +05:30] [INF] [1] Main: Log directory path: "/config/log"
[2025-07-22 23:02:49.811 +05:30] [INF] [1] Main: Config directory path: "/config"
[2025-07-22 23:02:49.811 +05:30] [INF] [1] Main: Cache path: "/config/cache"
[2025-07-22 23:02:49.811 +05:30] [INF] [1] Main: Temp directory path: "/tmp/jellyfin"
[2025-07-22 23:02:49.811 +05:30] [INF] [1] Main: Web resources path: "/usr/share/jellyfin/web"
[2025-07-22 23:02:49.811 +05:30] [INF] [1] Main: Application directory: "/usr/lib/jellyfin/bin/"
[2025-07-22 23:02:49.914 +05:30] [INF] [1] Emby.Server.Implementations.AppBase.BaseConfigurationManager: Setting cache path: "/config/cache"
[2025-07-22 23:02:49.984 +05:30] [INF] [1] Emby.Server.Implementations.ApplicationHost: Loading assemblies
[2025-07-22 23:02:50.045 +05:30] [INF] [1] Jellyfin.Networking.Manager.NetworkManager: Defined LAN subnets: ["127.0.0.1/8", "10.0.0.0/8", "172.16.0.0/12", "192.168.0.0/16"]
[2025-07-22 23:02:50.046 +05:30] [INF] [1] Jellyfin.Networking.Manager.NetworkManager: Defined LAN exclusions: []
[2025-07-22 23:02:50.046 +05:30] [INF] [1] Jellyfin.Networking.Manager.NetworkManager: Used LAN subnets: ["127.0.0.1/8", "10.0.0.0/8", "172.16.0.0/12", "192.168.0.0/16"]
[2025-07-22 23:02:50.047 +05:30] [INF] [1] Jellyfin.Networking.Manager.NetworkManager: Filtered interface addresses: ["127.0.0.1", "172.19.0.2"]
[2025-07-22 23:02:50.047 +05:30] [INF] [1] Jellyfin.Networking.Manager.NetworkManager: Bind Addresses ["0.0.0.0"]
[2025-07-22 23:02:50.047 +05:30] [INF] [1] Jellyfin.Networking.Manager.NetworkManager: Remote IP filter is "Allowlist"
[2025-07-22 23:02:50.047 +05:30] [INF] [1] Jellyfin.Networking.Manager.NetworkManager: Filtered subnets: []
[2025-07-22 23:02:51.217 +05:30] [INF] [1] Emby.Server.Implementations.Plugins.PluginManager: Loaded plugin: "TMDb" "10.10.7.0"
[2025-07-22 23:02:51.218 +05:30] [INF] [1] Emby.Server.Implementations.Plugins.PluginManager: Loaded plugin: "Studio Images" "10.10.7.0"
[2025-07-22 23:02:51.218 +05:30] [INF] [1] Emby.Server.Implementations.Plugins.PluginManager: Loaded plugin: "OMDb" "10.10.7.0"
[2025-07-22 23:02:51.231 +05:30] [INF] [1] Emby.Server.Implementations.Plugins.PluginManager: Loaded plugin: "MusicBrainz" "10.10.7.0"
[2025-07-22 23:02:51.231 +05:30] [INF] [1] Emby.Server.Implementations.Plugins.PluginManager: Loaded plugin: "AudioDB" "10.10.7.0"
[2025-07-22 23:02:51.296 +05:30] [INF] [1] Main: Kestrel is listening on "0.0.0.0"
[2025-07-22 23:02:51.709 +05:30] [WRN] [1] Microsoft.AspNetCore.StaticFiles.StaticFileMiddleware: The WebRootPath was not found: "/run/s6-rc:s6-rc-init:ikbFFn/servicedirs/svc-jellyfin/wwwroot". Static files may be unavailable.
[2025-07-22 23:02:51.739 +05:30] [INF] [1] Emby.Server.Implementations.ApplicationHost: Running startup tasks
[2025-07-22 23:02:51.752 +05:30] [INF] [1] Emby.Server.Implementations.ScheduledTasks.TaskManager: Daily trigger for "Generate Trickplay Images" set to fire at 2025-07-23 03:00:00.000 +05:30, which is 03:57:08.2473611 from now.
[2025-07-22 23:02:51.757 +05:30] [INF] [1] Emby.Server.Implementations.ScheduledTasks.TaskManager: Daily trigger for "Extract Chapter Images" set to fire at 2025-07-23 02:00:00.000 +05:30, which is 02:57:08.2426844 from now.
[2025-07-22 23:02:51.761 +05:30] [INF] [10] Emby.Server.Implementations.IO.LibraryMonitor: Watching directory "/mnt/media/movies"
[2025-07-22 23:02:51.780 +05:30] [INF] [11] Emby.Server.Implementations.IO.LibraryMonitor: Watching directory "/mnt/media/songs"
[2025-07-22 23:02:51.783 +05:30] [INF] [1] MediaBrowser.MediaEncoding.Encoder.MediaEncoder: Found ffmpeg version "7.1.1"
[2025-07-22 23:02:51.822 +05:30] [INF] [1] MediaBrowser.MediaEncoding.Encoder.MediaEncoder: Available "decoders": ["libdav1d", "av1", "av1_cuvid", "av1_qsv", "h264", "h264_qsv", "h264_cuvid", "hevc", "hevc_qsv", "hevc_cuvid", "mpeg2video", "mpeg2_qsv", "mpeg2_cuvid", "mpeg4", "mpeg4_cuvid", "msmpeg4", "vc1_qsv", "vc1_cuvid", "vp8", "libvpx", "vp8_cuvid", "vp8_qsv", "vp9", "libvpx-vp9", "vp9_cuvid", "vp9_qsv", "aac", "ac3", "ac4", "dca", "flac", "mp3", "truehd"]
[2025-07-22 23:02:51.836 +05:30] [INF] [1] MediaBrowser.MediaEncoding.Encoder.MediaEncoder: Available "encoders": ["libsvtav1", "av1_nvenc", "av1_qsv", "av1_amf", "av1_vaapi", "libx264", "h264_amf", "h264_nvenc", "h264_qsv", "h264_v4l2m2m", "h264_vaapi", "libx265", "hevc_amf", "hevc_nvenc", "hevc_qsv", "hevc_vaapi", "mjpeg_qsv", "mjpeg_vaapi", "aac", "libfdk_aac", "ac3", "alac", "dca", "flac", "libmp3lame", "libopus", "truehd", "libvorbis", "srt"]
[2025-07-22 23:02:51.849 +05:30] [INF] [1] MediaBrowser.MediaEncoding.Encoder.MediaEncoder: Available filters: ["bwdif_cuda", "deinterlace_qsv", "deinterlace_vaapi", "flip_vulkan", "hwupload_cuda", "hwupload_vaapi", "libplacebo", "overlay_opencl", "overlay_qsv", "overlay_vaapi", "overlay_vulkan", "overlay_cuda", "procamp_vaapi", "scale_cuda", "scale_opencl", "scale_qsv", "scale_vaapi", "scale_vulkan", "tonemapx", "tonemap_cuda", "tonemap_opencl", "tonemap_vaapi", "transpose_cuda", "transpose_opencl", "transpose_vaapi", "transpose_vulkan", "vpp_qsv", "yadif_cuda", "zscale", "alphasrc"]
[2025-07-22 23:02:51.949 +05:30] [INF] [1] MediaBrowser.MediaEncoding.Encoder.MediaEncoder: Available hwaccel types: ["cuda", "vaapi", "qsv", "drm", "opencl", "vulkan"]
[2025-07-22 23:02:54.771 +05:30] [INF] [18] Emby.Server.Implementations.ScheduledTasks.TaskManager: "Clean Transcode Directory" Completed after 0 minute(s) and 0 seconds
[2025-07-22 23:02:54.832 +05:30] [INF] [8] Emby.Server.Implementations.ScheduledTasks.TaskManager: "Clean up collections and playlists" Completed after 0 minute(s) and 0 seconds
[2025-07-22 23:02:56.121 +05:30] [INF] [1] MediaBrowser.MediaEncoding.Encoder.MediaEncoder: FFmpeg: "/usr/lib/jellyfin-ffmpeg/ffmpeg"
[2025-07-22 23:02:56.121 +05:30] [INF] [1] Emby.Server.Implementations.ApplicationHost: ServerId: "ee4dac5ae38649fead74deeb3d69ae0b"
[2025-07-22 23:02:56.121 +05:30] [INF] [1] Emby.Server.Implementations.ApplicationHost: Core startup complete
[2025-07-22 23:02:56.121 +05:30] [INF] [1] Main: Startup complete 0:00:06.5718231
[2025-07-22 23:02:56.286 +05:30] [INF] [8] Emby.Server.Implementations.ScheduledTasks.TaskManager: "Update Plugins" Completed after 0 minute(s) and 1 seconds
[2025-07-22 23:05:45.241 +05:30] [INF] [26] Jellyfin.Server.Implementations.Users.UserManager: Authentication request for "mukesh" has been denied (IP: "100.107.147.50").
[2025-07-22 23:05:45.281 +05:30] [ERR] [26] Jellyfin.Api.Middleware.ExceptionMiddleware: Error processing request: "Invalid username or password entered". URL "POST" "/Users/authenticatebyname".
[2025-07-22 23:05:51.200 +05:30] [INF] [30] Jellyfin.Server.Implementations.Users.UserManager: Authentication request for "mukesh" has succeeded.
[2025-07-22 23:05:51.201 +05:30] [INF] [30] Emby.Server.Implementations.Session.SessionManager: Current/Max sessions for user "mukesh": 0/0
[2025-07-22 23:05:51.203 +05:30] [INF] [30] Emby.Server.Implementations.Session.SessionManager: Creating new access token for user 2e93d818-bf40-4836-82c2-1d49837372a7
[2025-07-22 23:05:51.360 +05:30] [INF] [27] Emby.Server.Implementations.HttpServer.WebSocketManager: WS "100.107.147.50" request
[2025-07-22 23:06:14.495 +05:30] [INF] [17] MediaBrowser.MediaEncoding.Encoder.MediaEncoder: Starting "/usr/lib/jellyfin-ffmpeg/ffprobe" with args "-analyzeduration 200M -probesize 1G -i file:\"/mnt/media/songs/8K Remastered - Daavudi Full Song (Telugu) ｜ NTR, Janhvi Kapoor ｜ Devara.mp4\" -threads 0 -v warning -print_format json -show_streams -show_chapters -show_format"
[2025-07-22 23:06:14.615 +05:30] [INF] [17] Jellyfin.Server.Implementations.Trickplay.TrickplayManager: Creating trickplay files at 320 width, for "/mnt/media/songs/8K Remastered - Daavudi Full Song (Telugu) ｜ NTR, Janhvi Kapoor ｜ Devara.mp4" [ID: 0c2e2eaa-8ff3-9285-808b-878d56995bed]
[2025-07-22 23:06:14.620 +05:30] [INF] [17] MediaBrowser.MediaEncoding.Encoder.MediaEncoder: Trickplay generation: "/usr/lib/jellyfin-ffmpeg/ffmpeg -loglevel error -threads 1 -i file:\"/mnt/media/songs/8K Remastered - Daavudi Full Song (Telugu) ｜ NTR, Janhvi Kapoor ｜ Devara.mp4\" -an -sn -vf \"fps=0.10000000149011612,setparams=color_primaries=bt709:color_trc=bt709:colorspace=bt709,scale=trunc(min(max(iw\,ih*(a*sar))\,320)/2)*2:trunc(ow/(a*sar)/2)*2,format=yuv420p\" -threads 1 -c:v mjpeg -qscale:v 4 -fps_mode passthrough -f image2 \"/tmp/jellyfin/26f1b996903f4fcc88fd3131441915dd/%08d.jpg\""
[2025-07-22 23:07:12.348 +05:30] [INF] [3] Jellyfin.Api.Helpers.MediaInfoHelper: User policy for "mukesh". EnablePlaybackRemuxing: True EnableVideoPlaybackTranscoding: True EnableAudioPlaybackTranscoding: True
[2025-07-22 23:07:12.800 +05:30] [INF] [31] MediaBrowser.MediaEncoding.Transcoding.TranscodeManager: "/usr/lib/jellyfin-ffmpeg/ffmpeg" "-analyzeduration 200M -probesize 1G -f mov,mp4,m4a,3gp,3g2,mj2 -init_hw_device vaapi=va:/dev/dri/renderD128,driver=iHD -init_hw_device qsv=qs@va -filter_hw_device qs -hwaccel vaapi -hwaccel_output_format vaapi -noautorotate -i file:\"/mnt/media/songs/8K Remastered - Aaj Ki Raat ｜ Tamannaah Bhatia ｜ Stree 2.mp4\" -noautoscale -map_metadata -1 -map_chapters -1 -threads 0 -map 0:0 -map 0:1 -map -0:s -codec:v:0 h264_qsv -preset veryfast -b:v 6538546 -maxrate 6538546 -bufsize 13077092 -g:v:0 180 -keyint_min:v:0 180 -vf \"setparams=color_primaries=bt709:color_trc=bt709:colorspace=bt709,scale_vaapi=w=1280:h=720:format=nv12:extra_hw_frames=24,hwmap=derive_device=qsv,format=qsv\" -codec:a:0 copy -copyts -avoid_negative_ts disabled -max_muxing_queue_size 2048 -f hls -max_delay 5000000 -hls_time 3 -hls_segment_type mpegts -start_number 0 -hls_segment_filename \"/config/cache/transcodes/f221a8e3e1841206c66b0c5db1846a0b%d.ts\" -hls_playlist_type vod -hls_list_size 0 -y \"/config/cache/transcodes/f221a8e3e1841206c66b0c5db1846a0b.m3u8\""
[2025-07-22 23:07:19.551 +05:30] [INF] [31] MediaBrowser.Controller.MediaEncoding.TranscodingJob: Stopping ffmpeg process with q command for "/config/cache/transcodes/f221a8e3e1841206c66b0c5db1846a0b.m3u8"
[2025-07-22 23:07:19.989 +05:30] [INF] [31] MediaBrowser.MediaEncoding.Transcoding.TranscodeManager: FFmpeg exited with code 0
[2025-07-22 23:07:19.991 +05:30] [INF] [31] MediaBrowser.MediaEncoding.Transcoding.TranscodeManager: "/usr/lib/jellyfin-ffmpeg/ffmpeg" "-analyzeduration 200M -probesize 1G -ss 00:01:03.000 -f mov,mp4,m4a,3gp,3g2,mj2 -init_hw_device vaapi=va:/dev/dri/renderD128,driver=iHD -init_hw_device qsv=qs@va -filter_hw_device qs -hwaccel vaapi -hwaccel_output_format vaapi -noautorotate -i file:\"/mnt/media/songs/8K Remastered - Aaj Ki Raat ｜ Tamannaah Bhatia ｜ Stree 2.mp4\" -noautoscale -map_metadata -1 -map_chapters -1 -threads 0 -map 0:0 -map 0:1 -map -0:s -codec:v:0 h264_qsv -preset veryfast -b:v 6538546 -maxrate 6538546 -bufsize 13077092 -g:v:0 180 -keyint_min:v:0 180 -vf \"setparams=color_primaries=bt709:color_trc=bt709:colorspace=bt709,scale_vaapi=w=1280:h=720:format=nv12:extra_hw_frames=24,hwmap=derive_device=qsv,format=qsv\" -codec:a:0 copy -copyts -avoid_negative_ts disabled -max_muxing_queue_size 2048 -f hls -max_delay 5000000 -hls_time 3 -hls_segment_type mpegts -start_number 21 -hls_segment_filename \"/config/cache/transcodes/f221a8e3e1841206c66b0c5db1846a0b%d.ts\" -hls_playlist_type vod -hls_list_size 0 -y \"/config/cache/transcodes/f221a8e3e1841206c66b0c5db1846a0b.m3u8\""
[2025-07-22 23:07:34.199 +05:30] [INF] [25] MediaBrowser.Controller.MediaEncoding.TranscodingJob: Stopping ffmpeg process with q command for "/config/cache/transcodes/f221a8e3e1841206c66b0c5db1846a0b.m3u8"
[2025-07-22 23:07:34.691 +05:30] [INF] [25] MediaBrowser.MediaEncoding.Transcoding.TranscodeManager: FFmpeg exited with code 0
[2025-07-22 23:07:34.692 +05:30] [INF] [25] MediaBrowser.MediaEncoding.Transcoding.TranscodeManager: Deleting partial stream file(s) "/config/cache/transcodes/f221a8e3e1841206c66b0c5db1846a0b.m3u8"
[2025-07-22 23:07:36.213 +05:30] [INF] [37] Emby.Server.Implementations.Session.SessionManager: Playback stopped reported by app "Jellyfin Media Player" "1.12.0" playing "8K Remastered - Aaj Ki Raat ｜ Tamannaah Bhatia ｜ Stree 2". Stopped at "75983" ms
[2025-07-22 23:07:48.440 +05:30] [INF] [3] MediaBrowser.MediaEncoding.Encoder.MediaEncoder: Starting "/usr/lib/jellyfin-ffmpeg/ffprobe" with args "-analyzeduration 200M -probesize 1G -i file:\"/mnt/media/songs/8K Remastered - Aaj Ki Raat (Full Song) ｜ Tamannaah Bhatia ｜ Stree 2.mp4\" -threads 0 -v warning -print_format json -show_streams -show_chapters -show_format"
[2025-07-22 23:07:58.512 +05:30] [ERR] [25] MediaBrowser.MediaEncoding.Encoder.MediaEncoder: I-frame image extraction failed, will attempt standard way. Input: "file:\"/mnt/media/songs/8K Remastered - Aaj Ki Raat (Full Song) ｜ Tamannaah Bhatia ｜ Stree 2.mp4\""
MediaBrowser.Common.FfmpegException: ffmpeg image extraction timed out for file:"/mnt/media/songs/8K Remastered - Aaj Ki Raat (Full Song) ｜ Tamannaah Bhatia ｜ Stree 2.mp4" after 10000ms
 ---> System.Threading.Tasks.TaskCanceledException: A task was canceled.
   at System.Diagnostics.Process.WaitForExitAsync(CancellationToken cancellationToken)
   at MediaBrowser.Common.Extensions.ProcessExtensions.WaitForExitAsync(Process process, TimeSpan timeout)
   at MediaBrowser.MediaEncoding.Encoder.MediaEncoder.ExtractImageInternal(String inputPath, String container, MediaStream videoStream, Nullable`1 imageStreamIndex, Nullable`1 threedFormat, Nullable`1 offset, Boolean useIFrame, Nullable`1 targetFormat, Boolean isAudio, CancellationToken cancellationToken)
   --- End of inner exception stack trace ---
   at MediaBrowser.MediaEncoding.Encoder.MediaEncoder.ExtractImageInternal(String inputPath, String container, MediaStream videoStream, Nullable`1 imageStreamIndex, Nullable`1 threedFormat, Nullable`1 offset, Boolean useIFrame, Nullable`1 targetFormat, Boolean isAudio, CancellationToken cancellationToken)
   at MediaBrowser.MediaEncoding.Encoder.MediaEncoder.ExtractImage(String inputFile, String container, MediaStream videoStream, Nullable`1 imageStreamIndex, MediaSourceInfo mediaSource, Boolean isAudio, Nullable`1 threedFormat, Nullable`1 offset, Nullable`1 targetFormat, CancellationToken cancellationToken)
[2025-07-22 23:08:15.467 +05:30] [INF] [37] MediaBrowser.MediaEncoding.Encoder.MediaEncoder: Starting "/usr/lib/jellyfin-ffmpeg/ffprobe" with args "-analyzeduration 200M -probesize 1G -i file:\"/mnt/media/songs/8K Remastered - Aaj Ki Raat (Full Song) ｜ Tamannaah Bhatia ｜ Stree 2.mp4\" -threads 0 -v warning -print_format json -show_streams -show_chapters -show_format"
[2025-07-22 23:08:25.503 +05:30] [ERR] [24] MediaBrowser.MediaEncoding.Encoder.MediaEncoder: I-frame image extraction failed, will attempt standard way. Input: "file:\"/mnt/media/songs/8K Remastered - Aaj Ki Raat (Full Song) ｜ Tamannaah Bhatia ｜ Stree 2.mp4\""
MediaBrowser.Common.FfmpegException: ffmpeg image extraction timed out for file:"/mnt/media/songs/8K Remastered - Aaj Ki Raat (Full Song) ｜ Tamannaah Bhatia ｜ Stree 2.mp4" after 10000ms
 ---> System.Threading.Tasks.TaskCanceledException: A task was canceled.
   at System.Diagnostics.Process.WaitForExitAsync(CancellationToken cancellationToken)
   at MediaBrowser.Common.Extensions.ProcessExtensions.WaitForExitAsync(Process process, TimeSpan timeout)
   at MediaBrowser.MediaEncoding.Encoder.MediaEncoder.ExtractImageInternal(String inputPath, String container, MediaStream videoStream, Nullable`1 imageStreamIndex, Nullable`1 threedFormat, Nullable`1 offset, Boolean useIFrame, Nullable`1 targetFormat, Boolean isAudio, CancellationToken cancellationToken)
   --- End of inner exception stack trace ---
   at MediaBrowser.MediaEncoding.Encoder.MediaEncoder.ExtractImageInternal(String inputPath, String container, MediaStream videoStream, Nullable`1 imageStreamIndex, Nullable`1 threedFormat, Nullable`1 offset, Boolean useIFrame, Nullable`1 targetFormat, Boolean isAudio, CancellationToken cancellationToken)
   at MediaBrowser.MediaEncoding.Encoder.MediaEncoder.ExtractImage(String inputFile, String container, MediaStream videoStream, Nullable`1 imageStreamIndex, MediaSourceInfo mediaSource, Boolean isAudio, Nullable`1 threedFormat, Nullable`1 offset, Nullable`1 targetFormat, CancellationToken cancellationToken)
[2025-07-22 23:08:30.812 +05:30] [INF] [37] Jellyfin.Api.Helpers.MediaInfoHelper: User policy for "mukesh". EnablePlaybackRemuxing: True EnableVideoPlaybackTranscoding: True EnableAudioPlaybackTranscoding: True
[2025-07-22 23:08:31.051 +05:30] [INF] [24] MediaBrowser.MediaEncoding.Transcoding.TranscodeManager: "/usr/lib/jellyfin-ffmpeg/ffmpeg" "-analyzeduration 200M -probesize 1G -f mov,mp4,m4a,3gp,3g2,mj2 -init_hw_device vaapi=va:/dev/dri/renderD128,driver=iHD -init_hw_device qsv=qs@va -filter_hw_device qs -hwaccel vaapi -hwaccel_output_format vaapi -noautorotate -i file:\"/mnt/media/songs/8K Remastered - Aaj Ki Raat (Full Song) ｜ Tamannaah Bhatia ｜ Stree 2.mp4\" -noautoscale -map_metadata -1 -map_chapters -1 -threads 0 -map 0:0 -map 0:1 -map -0:s -codec:v:0 h264_qsv -preset veryfast -b:v 6282545 -maxrate 6282545 -bufsize 12565090 -g:v:0 180 -keyint_min:v:0 180 -vf \"setparams=color_primaries=bt709:color_trc=bt709:colorspace=bt709,scale_vaapi=w=1280:h=720:format=nv12:extra_hw_frames=24,hwmap=derive_device=qsv,format=qsv\" -codec:a:0 libfdk_aac -ac 2 -ab 256000 -copyts -avoid_negative_ts disabled -max_muxing_queue_size 2048 -f hls -max_delay 5000000 -hls_time 3 -hls_segment_type mpegts -start_number 0 -hls_segment_filename \"/config/cache/transcodes/4b6b8f018a3152cf5222592a17026db2%d.ts\" -hls_playlist_type vod -hls_list_size 0 -y \"/config/cache/transcodes/4b6b8f018a3152cf5222592a17026db2.m3u8\""
[2025-07-22 23:08:35.562 +05:30] [ERR] [25] MediaBrowser.Providers.Music.MusicVideoMetadataService: Error in "Screen Grabber"
MediaBrowser.Common.FfmpegException: ffmpeg image extraction timed out for file:"/mnt/media/songs/8K Remastered - Aaj Ki Raat (Full Song) ｜ Tamannaah Bhatia ｜ Stree 2.mp4" after 10000ms
 ---> System.Threading.Tasks.TaskCanceledException: A task was canceled.
   at System.Diagnostics.Process.WaitForExitAsync(CancellationToken cancellationToken)
   at MediaBrowser.Common.Extensions.ProcessExtensions.WaitForExitAsync(Process process, TimeSpan timeout)
   at MediaBrowser.MediaEncoding.Encoder.MediaEncoder.ExtractImageInternal(String inputPath, String container, MediaStream videoStream, Nullable`1 imageStreamIndex, Nullable`1 threedFormat, Nullable`1 offset, Boolean useIFrame, Nullable`1 targetFormat, Boolean isAudio, CancellationToken cancellationToken)
   --- End of inner exception stack trace ---
   at MediaBrowser.MediaEncoding.Encoder.MediaEncoder.ExtractImageInternal(String inputPath, String container, MediaStream videoStream, Nullable`1 imageStreamIndex, Nullable`1 threedFormat, Nullable`1 offset, Boolean useIFrame, Nullable`1 targetFormat, Boolean isAudio, CancellationToken cancellationToken)
   at MediaBrowser.MediaEncoding.Encoder.MediaEncoder.ExtractImage(String inputFile, String container, MediaStream videoStream, Nullable`1 imageStreamIndex, MediaSourceInfo mediaSource, Boolean isAudio, Nullable`1 threedFormat, Nullable`1 offset, Nullable`1 targetFormat, CancellationToken cancellationToken)
   at MediaBrowser.Providers.MediaInfo.VideoImageProvider.GetVideoImage(Video item, CancellationToken cancellationToken)
   at MediaBrowser.Providers.Manager.ItemImageProvider.RefreshFromProvider(BaseItem item, IDynamicImageProvider provider, ImageRefreshOptions refreshOptions, TypeOptions savedOptions, List`1 downloadedImages, RefreshResult result, CancellationToken cancellationToken)
[2025-07-22 23:08:43.252 +05:30] [INF] [37] MediaBrowser.Controller.MediaEncoding.TranscodingJob: Stopping ffmpeg process with q command for "/config/cache/transcodes/4b6b8f018a3152cf5222592a17026db2.m3u8"
[2025-07-22 23:08:43.904 +05:30] [INF] [37] MediaBrowser.MediaEncoding.Transcoding.TranscodeManager: FFmpeg exited with code 0
[2025-07-22 23:08:43.905 +05:30] [INF] [37] MediaBrowser.MediaEncoding.Transcoding.TranscodeManager: "/usr/lib/jellyfin-ffmpeg/ffmpeg" "-analyzeduration 200M -probesize 1G -ss 00:02:12.000 -f mov,mp4,m4a,3gp,3g2,mj2 -init_hw_device vaapi=va:/dev/dri/renderD128,driver=iHD -init_hw_device qsv=qs@va -filter_hw_device qs -hwaccel vaapi -hwaccel_output_format vaapi -noautorotate -i file:\"/mnt/media/songs/8K Remastered - Aaj Ki Raat (Full Song) ｜ Tamannaah Bhatia ｜ Stree 2.mp4\" -noautoscale -map_metadata -1 -map_chapters -1 -threads 0 -map 0:0 -map 0:1 -map -0:s -codec:v:0 h264_qsv -preset veryfast -b:v 6282545 -maxrate 6282545 -bufsize 12565090 -g:v:0 180 -keyint_min:v:0 180 -vf \"setparams=color_primaries=bt709:color_trc=bt709:colorspace=bt709,scale_vaapi=w=1280:h=720:format=nv12:extra_hw_frames=24,hwmap=derive_device=qsv,format=qsv\" -codec:a:0 libfdk_aac -ac 2 -ab 256000 -copyts -avoid_negative_ts disabled -max_muxing_queue_size 2048 -f hls -max_delay 5000000 -hls_time 3 -hls_segment_type mpegts -start_number 44 -hls_segment_filename \"/config/cache/transcodes/4b6b8f018a3152cf5222592a17026db2%d.ts\" -hls_playlist_type vod -hls_list_size 0 -y \"/config/cache/transcodes/4b6b8f018a3152cf5222592a17026db2.m3u8\""
[2025-07-22 23:09:02.843 +05:30] [INF] [36] MediaBrowser.Controller.MediaEncoding.TranscodingJob: Stopping ffmpeg process with q command for "/config/cache/transcodes/4b6b8f018a3152cf5222592a17026db2.m3u8"
[2025-07-22 23:09:03.231 +05:30] [INF] [36] MediaBrowser.MediaEncoding.Transcoding.TranscodeManager: FFmpeg exited with code 0
[2025-07-22 23:09:03.231 +05:30] [INF] [36] MediaBrowser.MediaEncoding.Transcoding.TranscodeManager: Deleting partial stream file(s) "/config/cache/transcodes/4b6b8f018a3152cf5222592a17026db2.m3u8"
[2025-07-22 23:09:04.739 +05:30] [INF] [24] Emby.Server.Implementations.Session.SessionManager: Playback stopped reported by app "Jellyfin Media Player" "1.12.0" playing "Aaj Ki Raat (Full Song) ｜ Tamannaah Bhatia ｜ Stree 2 | 8K". Stopped at "143400" ms
[2025-07-22 23:09:07.105 +05:30] [INF] [31] Emby.Server.Implementations.HttpServer.WebSocketManager: WS "100.107.147.50" closed
[2025-07-22 23:10:19.431 +05:30] [INF] [36] Jellyfin.Server.Implementations.Trickplay.TrickplayManager: Finished creation of trickplay files for "/mnt/media/songs/8K Remastered - Daavudi Full Song (Telugu) ｜ NTR, Janhvi Kapoor ｜ Devara.mp4"
[2025-07-22 23:10:19.433 +05:30] [INF] [39] Jellyfin.Server.Implementations.Trickplay.TrickplayManager: Creating trickplay files at 320 width, for "/mnt/media/songs/8K Remastered - Aaj Ki Raat (Full Song) ｜ Tamannaah Bhatia ｜ Stree 2.mp4" [ID: 25946ad2-0c72-61d6-6550-8ce4d641811c]
[2025-07-22 23:10:19.433 +05:30] [INF] [39] MediaBrowser.MediaEncoding.Encoder.MediaEncoder: Trickplay generation: "/usr/lib/jellyfin-ffmpeg/ffmpeg -loglevel error -threads 1 -i file:\"/mnt/media/songs/8K Remastered - Aaj Ki Raat (Full Song) ｜ Tamannaah Bhatia ｜ Stree 2.mp4\" -an -sn -vf \"fps=0.10000000149011612,setparams=color_primaries=bt709:color_trc=bt709:colorspace=bt709,scale=trunc(min(max(iw\,ih*(a*sar))\,320)/2)*2:trunc(ow/(a*sar)/2)*2,format=yuv420p\" -threads 1 -c:v mjpeg -qscale:v 4 -fps_mode passthrough -f image2 \"/tmp/jellyfin/bde8aeab4bf24db690ca84d6710622e1/%08d.jpg\""
[2025-07-22 23:10:39.435 +05:30] [INF] [39] MediaBrowser.MediaEncoding.Encoder.MediaEncoder: Trickplay process unresponsive.
[2025-07-22 23:10:39.435 +05:30] [INF] [39] MediaBrowser.MediaEncoding.Encoder.MediaEncoder: Stopping trickplay extraction.
[2025-07-22 23:10:40.436 +05:30] [INF] [39] MediaBrowser.MediaEncoding.Encoder.MediaEncoder: Killing ffmpeg process
[2025-07-22 23:10:40.436 +05:30] [ERR] [39] MediaBrowser.MediaEncoding.Encoder.MediaEncoder: ffmpeg image extraction failed for "/usr/lib/jellyfin-ffmpeg/ffmpeg -loglevel error -threads 1 -i file:\"/mnt/media/songs/8K Remastered - Aaj Ki Raat (Full Song) ｜ Tamannaah Bhatia ｜ Stree 2.mp4\" -an -sn -vf \"fps=0.10000000149011612,setparams=color_primaries=bt709:color_trc=bt709:colorspace=bt709,scale=trunc(min(max(iw\,ih*(a*sar))\,320)/2)*2:trunc(ow/(a*sar)/2)*2,format=yuv420p\" -threads 1 -c:v mjpeg -qscale:v 4 -fps_mode passthrough -f image2 \"/tmp/jellyfin/bde8aeab4bf24db690ca84d6710622e1/%08d.jpg\""
[2025-07-22 23:10:40.437 +05:30] [ERR] [39] Jellyfin.Server.Implementations.Trickplay.TrickplayManager: Error creating trickplay images.
MediaBrowser.Common.FfmpegException: ffmpeg image extraction failed for /usr/lib/jellyfin-ffmpeg/ffmpeg -loglevel error -threads 1 -i file:"/mnt/media/songs/8K Remastered - Aaj Ki Raat (Full Song) ｜ Tamannaah Bhatia ｜ Stree 2.mp4" -an -sn -vf "fps=0.10000000149011612,setparams=color_primaries=bt709:color_trc=bt709:colorspace=bt709,scale=trunc(min(max(iw\,ih*(a*sar))\,320)/2)*2:trunc(ow/(a*sar)/2)*2,format=yuv420p" -threads 1 -c:v mjpeg -qscale:v 4 -fps_mode passthrough -f image2 "/tmp/jellyfin/bde8aeab4bf24db690ca84d6710622e1/%08d.jpg"
   at MediaBrowser.MediaEncoding.Encoder.MediaEncoder.ExtractVideoImagesOnIntervalInternal(String inputArg, String filterParam, String vidEncoder, Nullable`1 outputThreads, Nullable`1 qualityScale, Nullable`1 priority, CancellationToken cancellationToken)
   at Jellyfin.Server.Implementations.Trickplay.TrickplayManager.RefreshTrickplayDataInternal(Video video, Boolean replace, Int32 width, TrickplayOptions options, LibraryOptions libraryOptions, CancellationToken cancellationToken)
[2025-07-22 23:10:40.439 +05:30] [INF] [36] Jellyfin.Server.Implementations.Trickplay.TrickplayManager: Creating trickplay files at 320 width, for "/mnt/media/songs/8K Remastered - Aaj Ki Raat (Full Song) ｜ Tamannaah Bhatia ｜ Stree 2.mp4" [ID: 25946ad2-0c72-61d6-6550-8ce4d641811c]
[2025-07-22 23:10:40.439 +05:30] [INF] [36] MediaBrowser.MediaEncoding.Encoder.MediaEncoder: Trickplay generation: "/usr/lib/jellyfin-ffmpeg/ffmpeg -loglevel error -threads 1 -i file:\"/mnt/media/songs/8K Remastered - Aaj Ki Raat (Full Song) ｜ Tamannaah Bhatia ｜ Stree 2.mp4\" -an -sn -vf \"fps=0.10000000149011612,setparams=color_primaries=bt709:color_trc=bt709:colorspace=bt709,scale=trunc(min(max(iw\,ih*(a*sar))\,320)/2)*2:trunc(ow/(a*sar)/2)*2,format=yuv420p\" -threads 1 -c:v mjpeg -qscale:v 4 -fps_mode passthrough -f image2 \"/tmp/jellyfin/f75b373c4806461f940de32e4196544f/%08d.jpg\""
[2025-07-22 23:11:00.440 +05:30] [INF] [36] MediaBrowser.MediaEncoding.Encoder.MediaEncoder: Trickplay process unresponsive.
[2025-07-22 23:11:00.440 +05:30] [INF] [36] MediaBrowser.MediaEncoding.Encoder.MediaEncoder: Stopping trickplay extraction.
[2025-07-22 23:11:01.440 +05:30] [INF] [36] MediaBrowser.MediaEncoding.Encoder.MediaEncoder: Killing ffmpeg process
[2025-07-22 23:11:01.441 +05:30] [ERR] [36] MediaBrowser.MediaEncoding.Encoder.MediaEncoder: ffmpeg image extraction failed for "/usr/lib/jellyfin-ffmpeg/ffmpeg -loglevel error -threads 1 -i file:\"/mnt/media/songs/8K Remastered - Aaj Ki Raat (Full Song) ｜ Tamannaah Bhatia ｜ Stree 2.mp4\" -an -sn -vf \"fps=0.10000000149011612,setparams=color_primaries=bt709:color_trc=bt709:colorspace=bt709,scale=trunc(min(max(iw\,ih*(a*sar))\,320)/2)*2:trunc(ow/(a*sar)/2)*2,format=yuv420p\" -threads 1 -c:v mjpeg -qscale:v 4 -fps_mode passthrough -f image2 \"/tmp/jellyfin/f75b373c4806461f940de32e4196544f/%08d.jpg\""
[2025-07-22 23:11:01.441 +05:30] [ERR] [36] Jellyfin.Server.Implementations.Trickplay.TrickplayManager: Error creating trickplay images.
MediaBrowser.Common.FfmpegException: ffmpeg image extraction failed for /usr/lib/jellyfin-ffmpeg/ffmpeg -loglevel error -threads 1 -i file:"/mnt/media/songs/8K Remastered - Aaj Ki Raat (Full Song) ｜ Tamannaah Bhatia ｜ Stree 2.mp4" -an -sn -vf "fps=0.10000000149011612,setparams=color_primaries=bt709:color_trc=bt709:colorspace=bt709,scale=trunc(min(max(iw\,ih*(a*sar))\,320)/2)*2:trunc(ow/(a*sar)/2)*2,format=yuv420p" -threads 1 -c:v mjpeg -qscale:v 4 -fps_mode passthrough -f image2 "/tmp/jellyfin/f75b373c4806461f940de32e4196544f/%08d.jpg"
   at MediaBrowser.MediaEncoding.Encoder.MediaEncoder.ExtractVideoImagesOnIntervalInternal(String inputArg, String filterParam, String vidEncoder, Nullable`1 outputThreads, Nullable`1 qualityScale, Nullable`1 priority, CancellationToken cancellationToken)
   at Jellyfin.Server.Implementations.Trickplay.TrickplayManager.RefreshTrickplayDataInternal(Video video, Boolean replace, Int32 width, TrickplayOptions options, LibraryOptions libraryOptions, CancellationToken cancellationToken)
[2025-07-22 23:16:29.961 +05:30] [INF] [44] Emby.Server.Implementations.HttpServer.WebSocketManager: WS "100.107.147.50" request
[2025-07-22 23:20:02.714 +05:30] [INF] [37] Emby.Server.Implementations.Updates.InstallationManager: Plugin "installed": "IMVDb" "4.0.0.0"
[2025-07-22 23:20:02.721 +05:30] [INF] [37] Emby.Server.Implementations.ApplicationHost: App needs to be restarted.
[2025-07-22 23:20:19.459 +05:30] [INF] [22] Emby.Server.Implementations.Updates.InstallationManager: Plugin "installed": "TheTVDB" "19.0.0.0"
[2025-07-22 23:20:19.466 +05:30] [INF] [22] Emby.Server.Implementations.ApplicationHost: App needs to be restarted.
[2025-07-22 23:23:49.732 +05:30] [ERR] [3] MediaBrowser.Providers.Manager.ProviderManager: Provider "TheMovieDb" failed to retrieve search results
System.Net.Http.HttpRequestException: The SSL connection could not be established, see inner exception.
 ---> System.IO.IOException: Unable to read data from the transport connection: Connection reset by peer.
 ---> System.Net.Sockets.SocketException (104): Connection reset by peer
   at System.Net.Sockets.Socket.AwaitableSocketAsyncEventArgs.CreateException(SocketError error, Boolean forAsyncThrow)
   at System.Net.Sockets.NetworkStream.ReadAsync(Memory`1 buffer, CancellationToken cancellationToken)
   at System.Net.Security.SslStream.EnsureFullTlsFrameAsync[TIOAdapter](CancellationToken cancellationToken, Int32 estimatedSize)
   at System.Threading.ExecutionContext.RunInternal(ExecutionContext executionContext, ContextCallback callback, Object state)
   at System.Net.Sockets.SocketAsyncEventArgs.TransferCompletionCallbackCore(Int32 bytesTransferred, Memory`1 socketAddress, SocketFlags receivedFlags, SocketError socketError)
   at System.Net.Sockets.SocketAsyncEngine.System.Threading.IThreadPoolWorkItem.Execute()
   at System.Threading.ThreadPoolWorkQueue.Dispatch()
   at System.Threading.PortableThreadPool.WorkerThread.WorkerThreadStart()
--- End of stack trace from previous location ---

   --- End of inner exception stack trace ---
   at System.Net.Security.SslStream.EnsureFullTlsFrameAsync[TIOAdapter](CancellationToken cancellationToken, Int32 estimatedSize)
   at System.Runtime.CompilerServices.PoolingAsyncValueTaskMethodBuilder`1.StateMachineBox`1.System.Threading.Tasks.Sources.IValueTaskSource<TResult>.GetResult(Int16 token)
   at System.Net.Security.SslStream.ReceiveHandshakeFrameAsync[TIOAdapter](CancellationToken cancellationToken)
   at System.Net.Security.SslStream.ForceAuthenticationAsync[TIOAdapter](Boolean receiveFirst, Byte[] reAuthenticationData, CancellationToken cancellationToken)
   at System.Net.Http.ConnectHelper.EstablishSslConnectionAsync(SslClientAuthenticationOptions sslOptions, HttpRequestMessage request, Boolean async, Stream stream, CancellationToken cancellationToken)
   --- End of inner exception stack trace ---
   at System.Net.Http.ConnectHelper.EstablishSslConnectionAsync(SslClientAuthenticationOptions sslOptions, HttpRequestMessage request, Boolean async, Stream stream, CancellationToken cancellationToken)
   at System.Net.Http.HttpConnectionPool.ConnectAsync(HttpRequestMessage request, Boolean async, CancellationToken cancellationToken)
   at System.Net.Http.HttpConnectionPool.CreateHttp11ConnectionAsync(HttpRequestMessage request, Boolean async, CancellationToken cancellationToken)
   at System.Net.Http.HttpConnectionPool.AddHttp11ConnectionAsync(QueueItem queueItem)
   at System.Threading.Tasks.TaskCompletionSourceWithCancellation`1.WaitWithCancellationAsync(CancellationToken cancellationToken)
   at System.Net.Http.HttpConnectionPool.SendWithVersionDetectionAndRetryAsync(HttpRequestMessage request, Boolean async, Boolean doRequestAuth, CancellationToken cancellationToken)
   at System.Net.Http.DiagnosticsHandler.SendAsyncCore(HttpRequestMessage request, Boolean async, CancellationToken cancellationToken)
   at System.Net.Http.RedirectHandler.SendAsync(HttpRequestMessage request, Boolean async, CancellationToken cancellationToken)
   at System.Net.Http.HttpClient.<SendAsync>g__Core|83_0(HttpRequestMessage request, HttpCompletionOption completionOption, CancellationTokenSource cts, Boolean disposeCts, CancellationTokenSource pendingRequestsCts, CancellationToken originalCancellationToken)
   at TMDbLib.Rest.RestRequest.SendInternal(HttpMethod method, CancellationToken cancellationToken)
   at TMDbLib.Rest.RestRequest.Get[T](CancellationToken cancellationToken)
   at TMDbLib.Rest.RestRequestExtensions.GetOfT[T](RestRequest request, CancellationToken cancellationToken)
   at TMDbLib.Client.TMDbClient.GetConfigAsync()
   at MediaBrowser.Providers.Plugins.Tmdb.TmdbClientManager.EnsureClientConfigAsync()
   at MediaBrowser.Providers.Plugins.Tmdb.TmdbClientManager.SearchMovieAsync(String name, Int32 year, String language, CancellationToken cancellationToken)
   at MediaBrowser.Providers.Plugins.Tmdb.Movies.TmdbMovieProvider.GetSearchResults(MovieInfo searchInfo, CancellationToken cancellationToken)
   at MediaBrowser.Providers.Manager.ProviderManager.GetRemoteSearchResults[TItemType,TLookupType](RemoteSearchQuery`1 searchInfo, BaseItem referenceItem, CancellationToken cancellationToken)
[2025-07-22 23:23:56.689 +05:30] [INF] [3] Jellyfin.Api.Controllers.ItemLookupController: Setting provider id's to item 336bce14-e91a-dcf1-e938-f43123ea28c2-"29 - Thor Love And Thunder (2022) [2160p] [4K] [WEB] [5.1] [YTS.MX]": [("Imdb": "tt10648342")]
[2025-07-22 23:23:56.694 +05:30] [INF] [3] MediaBrowser.MediaEncoding.Encoder.MediaEncoder: Starting "/usr/lib/jellyfin-ffmpeg/ffprobe" with args "-analyzeduration 200M -probesize 1G -i file:\"/mnt/media/movies/Marvel Cinematic Universe/29 - Thor Love And Thunder (2022) [2160p] [4K] [WEB] [5.1] [YTS.MX]/Thor.Love.And.Thunder.2022.2160p.4K.WEB.x265.10bit.AAC5.1-[YTS.MX].mkv\" -threads 0 -v warning -print_format json -show_streams -show_chapters -show_format"
[2025-07-22 23:24:56.696 +05:30] [INF] [42] Emby.Server.Implementations.IO.LibraryMonitor: "Marvel Cinematic Universe" ("/mnt/media/movies/Marvel Cinematic Universe") will be refreshed.
[2025-07-22 23:25:17.233 +05:30] [INF] [3] Jellyfin.Api.Helpers.MediaInfoHelper: User policy for "mukesh". EnablePlaybackRemuxing: True EnableVideoPlaybackTranscoding: True EnableAudioPlaybackTranscoding: True
[2025-07-22 23:25:35.929 +05:30] [INF] [29] Emby.Server.Implementations.HttpServer.WebSocketManager: WS "100.107.147.50" closed
